#! /usr/bin/vvp
:ivl_version "12.0 (stable)";
:ivl_delay_selection "TYPICAL";
:vpi_time_precision - 12;
:vpi_module "/usr/lib/x86_64-linux-gnu/ivl/system.vpi";
:vpi_module "/usr/lib/x86_64-linux-gnu/ivl/vhdl_sys.vpi";
:vpi_module "/usr/lib/x86_64-linux-gnu/ivl/vhdl_textio.vpi";
:vpi_module "/usr/lib/x86_64-linux-gnu/ivl/v2005_math.vpi";
:vpi_module "/usr/lib/x86_64-linux-gnu/ivl/va_math.vpi";
:vpi_module "/usr/lib/x86_64-linux-gnu/ivl/v2009.vpi";
S_0x5627a41466b0 .scope package, "$unit" "$unit" 2 1;
 .timescale 0 0;
S_0x5627a4146840 .scope module, "ddr4_timing_engine_tb" "ddr4_timing_engine_tb" 3 2;
 .timescale -9 -12;
v0x5627a41b8770_0 .var "cfg_cl", 4 0;
v0x5627a41b8850_0 .var "cfg_cwl", 4 0;
v0x5627a41b88f0_0 .var "cfg_tras", 7 0;
v0x5627a41b89f0_0 .var "cfg_trc", 7 0;
v0x5627a41b8ac0_0 .var "cfg_trcd", 7 0;
v0x5627a41b8bb0_0 .var "cfg_trefi", 13 0;
v0x5627a41b8c80_0 .var "cfg_trfc", 9 0;
v0x5627a41b8d50_0 .var "cfg_trp", 7 0;
v0x5627a41b8e20_0 .var "clk", 0 0;
v0x5627a41b8ef0_0 .var "dram_ba", 1 0;
v0x5627a41b8fc0_0 .var "dram_bg", 1 0;
v0x5627a41b9090_0 .var "dram_cmd_type", 2 0;
v0x5627a41b9160_0 .var "dram_cmd_valid", 0 0;
v0x5627a41b9230_0 .var "dram_rank", 1 0;
v0x5627a41b9300_0 .var "rst_n", 0 0;
v0x5627a41b93d0_0 .net "timing_ok", 15 0, L_0x5627a41cf630;  1 drivers
S_0x5627a4101490 .scope module, "dut" "ddr4_timing_engine" 3 22, 4 3 0, S_0x5627a4146840;
 .timescale -9 -12;
    .port_info 0 /INPUT 1 "clk";
    .port_info 1 /INPUT 1 "rst_n";
    .port_info 2 /INPUT 1 "dram_cmd_valid";
    .port_info 3 /INPUT 3 "dram_cmd_type";
    .port_info 4 /INPUT 2 "dram_rank";
    .port_info 5 /INPUT 2 "dram_bg";
    .port_info 6 /INPUT 2 "dram_ba";
    .port_info 7 /INPUT 5 "cfg_cl";
    .port_info 8 /INPUT 5 "cfg_cwl";
    .port_info 9 /INPUT 8 "cfg_trcd";
    .port_info 10 /INPUT 8 "cfg_trp";
    .port_info 11 /INPUT 8 "cfg_tras";
    .port_info 12 /INPUT 8 "cfg_trc";
    .port_info 13 /INPUT 10 "cfg_trfc";
    .port_info 14 /INPUT 14 "cfg_trefi";
    .port_info 15 /OUTPUT 16 "timing_ok";
P_0x5627a4191b80 .param/l "CMD_ACT" 1 4 67, C4<100>;
P_0x5627a4191bc0 .param/l "CMD_MRS" 1 4 64, C4<001>;
P_0x5627a4191c00 .param/l "CMD_NOP" 1 4 63, C4<000>;
P_0x5627a4191c40 .param/l "CMD_PRE" 1 4 66, C4<011>;
P_0x5627a4191c80 .param/l "CMD_RD" 1 4 69, C4<110>;
P_0x5627a4191cc0 .param/l "CMD_REF" 1 4 65, C4<010>;
P_0x5627a4191d00 .param/l "CMD_WR" 1 4 68, C4<101>;
P_0x5627a4191d40 .param/l "CMD_ZQCL" 1 4 70, C4<111>;
P_0x5627a4191d80 .param/l "NUM_BANKS" 0 4 4, +C4<00000000000000000000000000010000>;
P_0x5627a4191dc0 .param/l "NUM_BG" 0 4 5, +C4<00000000000000000000000000000100>;
P_0x5627a4191e00 .param/l "T_CCD_L" 1 4 49, +C4<00000000000000000000000000000100>;
P_0x5627a4191e40 .param/l "T_CCD_S" 1 4 50, +C4<00000000000000000000000000000101>;
P_0x5627a4191e80 .param/l "T_FAW" 1 4 57, +C4<00000000000000000000000000001100>;
P_0x5627a4191ec0 .param/l "T_MOD" 1 4 59, +C4<00000000000000000000000000001110>;
P_0x5627a4191f00 .param/l "T_RAS" 1 4 47, +C4<00000000000000000000000000000010>;
P_0x5627a4191f40 .param/l "T_RC" 1 4 48, +C4<00000000000000000000000000000011>;
P_0x5627a4191f80 .param/l "T_RCD" 1 4 45, +C4<00000000000000000000000000000000>;
P_0x5627a4191fc0 .param/l "T_RFC" 1 4 58, +C4<00000000000000000000000000001101>;
P_0x5627a4192000 .param/l "T_RP" 1 4 46, +C4<00000000000000000000000000000001>;
P_0x5627a4192040 .param/l "T_RRD_L" 1 4 51, +C4<00000000000000000000000000000110>;
P_0x5627a4192080 .param/l "T_RRD_S" 1 4 52, +C4<00000000000000000000000000000111>;
P_0x5627a41920c0 .param/l "T_RTP" 1 4 56, +C4<00000000000000000000000000001011>;
P_0x5627a4192100 .param/l "T_WR" 1 4 53, +C4<00000000000000000000000000001000>;
P_0x5627a4192140 .param/l "T_WTR_L" 1 4 54, +C4<00000000000000000000000000001001>;
P_0x5627a4192180 .param/l "T_WTR_S" 1 4 55, +C4<00000000000000000000000000001010>;
P_0x5627a41921c0 .param/l "T_ZQ" 1 4 60, +C4<00000000000000000000000000001111>;
P_0x5627a4192200 .param/l "tCCD_L_DEF" 0 4 10, +C4<00000000000000000000000000000100>;
P_0x5627a4192240 .param/l "tCCD_S_DEF" 0 4 11, +C4<00000000000000000000000000000010>;
P_0x5627a4192280 .param/l "tFAW_DEF" 0 4 18, +C4<00000000000000000000000000001000>;
P_0x5627a41922c0 .param/l "tMOD_DEF" 0 4 20, +C4<00000000000000000000000000000110>;
P_0x5627a4192300 .param/l "tRAS_DEF" 0 4 8, +C4<00000000000000000000000000001010>;
P_0x5627a4192340 .param/l "tRCD_DEF" 0 4 6, +C4<00000000000000000000000000000101>;
P_0x5627a4192380 .param/l "tRC_DEF" 0 4 9, +C4<00000000000000000000000000001111>;
P_0x5627a41923c0 .param/l "tRFC_DEF" 0 4 19, +C4<00000000000000000000000000010100>;
P_0x5627a4192400 .param/l "tRP_DEF" 0 4 7, +C4<00000000000000000000000000000101>;
P_0x5627a4192440 .param/l "tRRD_L_DEF" 0 4 12, +C4<00000000000000000000000000000100>;
P_0x5627a4192480 .param/l "tRRD_S_DEF" 0 4 13, +C4<00000000000000000000000000000010>;
P_0x5627a41924c0 .param/l "tRTP_DEF" 0 4 17, +C4<00000000000000000000000000000100>;
P_0x5627a4192500 .param/l "tWR_DEF" 0 4 14, +C4<00000000000000000000000000001000>;
P_0x5627a4192540 .param/l "tWTR_L_DEF" 0 4 15, +C4<00000000000000000000000000000110>;
P_0x5627a4192580 .param/l "tWTR_S_DEF" 0 4 16, +C4<00000000000000000000000000000010>;
P_0x5627a41925c0 .param/l "tZQ_DEF" 0 4 21, +C4<00000000000000000000000000001010>;
L_0x7f8aa91570a8 .functor BUFT 1, C4<00000101>, C4<0>, C4<0>, C4<0>;
v0x5627a4169e60_0 .net/2u *"_ivl_10", 7 0, L_0x7f8aa91570a8;  1 drivers
L_0x7f8aa9157600 .functor BUFT 1, C4<00>, C4<0>, C4<0>, C4<0>;
v0x5627a418cad0_0 .net *"_ivl_101", 1 0, L_0x7f8aa9157600;  1 drivers
v0x5627a418d1f0_0 .net *"_ivl_102", 31 0, L_0x5627a41cb990;  1 drivers
L_0x7f8aa9157648 .functor BUFT 1, C4<000000000000000000000000>, C4<0>, C4<0>, C4<0>;
v0x5627a418f1f0_0 .net *"_ivl_105", 23 0, L_0x7f8aa9157648;  1 drivers
L_0x7f8aa9157690 .functor BUFT 1, C4<00000000000000000000000000000000>, C4<0>, C4<0>, C4<0>;
v0x5627a418f940_0 .net/2u *"_ivl_106", 31 0, L_0x7f8aa9157690;  1 drivers
v0x5627a41322a0_0 .net *"_ivl_108", 0 0, L_0x5627a41cbad0;  1 drivers
v0x5627a41328e0_0 .net *"_ivl_112", 7 0, L_0x5627a41cbd00;  1 drivers
v0x5627a41aff20_0 .net *"_ivl_114", 5 0, L_0x5627a41cbda0;  1 drivers
L_0x7f8aa91576d8 .functor BUFT 1, C4<00>, C4<0>, C4<0>, C4<0>;
v0x5627a41b0000_0 .net *"_ivl_117", 1 0, L_0x7f8aa91576d8;  1 drivers
v0x5627a41b00e0_0 .net *"_ivl_118", 31 0, L_0x5627a41cbfe0;  1 drivers
L_0x7f8aa9157720 .functor BUFT 1, C4<000000000000000000000000>, C4<0>, C4<0>, C4<0>;
v0x5627a41b01c0_0 .net *"_ivl_121", 23 0, L_0x7f8aa9157720;  1 drivers
L_0x7f8aa9157768 .functor BUFT 1, C4<00000000000000000000000000000000>, C4<0>, C4<0>, C4<0>;
v0x5627a41b02a0_0 .net/2u *"_ivl_122", 31 0, L_0x7f8aa9157768;  1 drivers
v0x5627a41b0380_0 .net *"_ivl_124", 0 0, L_0x5627a41cc120;  1 drivers
v0x5627a41b0440_0 .net *"_ivl_128", 31 0, L_0x5627a41cc3a0;  1 drivers
L_0x7f8aa91577b0 .functor BUFT 1, C4<000000000000000000000000>, C4<0>, C4<0>, C4<0>;
v0x5627a41b0520_0 .net *"_ivl_131", 23 0, L_0x7f8aa91577b0;  1 drivers
L_0x7f8aa91577f8 .functor BUFT 1, C4<00000000000000000000000000000000>, C4<0>, C4<0>, C4<0>;
v0x5627a41b0600_0 .net/2u *"_ivl_132", 31 0, L_0x7f8aa91577f8;  1 drivers
v0x5627a41b06e0_0 .net *"_ivl_134", 0 0, L_0x5627a41cc4c0;  1 drivers
v0x5627a41b07a0_0 .net *"_ivl_138", 31 0, L_0x5627a41cc750;  1 drivers
v0x5627a41b0880_0 .net *"_ivl_14", 31 0, L_0x5627a41c9a20;  1 drivers
L_0x7f8aa9157840 .functor BUFT 1, C4<000000000000000000000000>, C4<0>, C4<0>, C4<0>;
v0x5627a41b0960_0 .net *"_ivl_141", 23 0, L_0x7f8aa9157840;  1 drivers
L_0x7f8aa9157888 .functor BUFT 1, C4<00000000000000000000000000000000>, C4<0>, C4<0>, C4<0>;
v0x5627a41b0a40_0 .net/2u *"_ivl_142", 31 0, L_0x7f8aa9157888;  1 drivers
v0x5627a41b0b20_0 .net *"_ivl_144", 0 0, L_0x5627a41cc870;  1 drivers
v0x5627a41b0be0_0 .net *"_ivl_148", 31 0, L_0x5627a41cc630;  1 drivers
L_0x7f8aa91578d0 .functor BUFT 1, C4<000000000000000000000000>, C4<0>, C4<0>, C4<0>;
v0x5627a41b0cc0_0 .net *"_ivl_151", 23 0, L_0x7f8aa91578d0;  1 drivers
L_0x7f8aa9157918 .functor BUFT 1, C4<00000000000000000000000000000000>, C4<0>, C4<0>, C4<0>;
v0x5627a41b0da0_0 .net/2u *"_ivl_152", 31 0, L_0x7f8aa9157918;  1 drivers
v0x5627a41b0e80_0 .net *"_ivl_154", 0 0, L_0x5627a41ccb10;  1 drivers
v0x5627a41b0f40_0 .net *"_ivl_158", 31 0, L_0x5627a41ccdc0;  1 drivers
L_0x7f8aa9157960 .functor BUFT 1, C4<000000000000000000000000>, C4<0>, C4<0>, C4<0>;
v0x5627a41b1020_0 .net *"_ivl_161", 23 0, L_0x7f8aa9157960;  1 drivers
L_0x7f8aa91579a8 .functor BUFT 1, C4<00000000000000000000000000000000>, C4<0>, C4<0>, C4<0>;
v0x5627a41b1100_0 .net/2u *"_ivl_162", 31 0, L_0x7f8aa91579a8;  1 drivers
v0x5627a41b11e0_0 .net *"_ivl_164", 0 0, L_0x5627a41ccee0;  1 drivers
v0x5627a41b12a0_0 .net *"_ivl_168", 7 0, L_0x5627a41cd1a0;  1 drivers
L_0x7f8aa91570f0 .functor BUFT 1, C4<000000000000000000000000>, C4<0>, C4<0>, C4<0>;
v0x5627a41b1380_0 .net *"_ivl_17", 23 0, L_0x7f8aa91570f0;  1 drivers
v0x5627a41b1460_0 .net *"_ivl_170", 5 0, L_0x5627a41cd240;  1 drivers
L_0x7f8aa91579f0 .functor BUFT 1, C4<00>, C4<0>, C4<0>, C4<0>;
v0x5627a41b1540_0 .net *"_ivl_173", 1 0, L_0x7f8aa91579f0;  1 drivers
v0x5627a41b1620_0 .net *"_ivl_174", 31 0, L_0x5627a41cd4e0;  1 drivers
L_0x7f8aa9157a38 .functor BUFT 1, C4<000000000000000000000000>, C4<0>, C4<0>, C4<0>;
v0x5627a41b1700_0 .net *"_ivl_177", 23 0, L_0x7f8aa9157a38;  1 drivers
L_0x7f8aa9157a80 .functor BUFT 1, C4<00000000000000000000000000000000>, C4<0>, C4<0>, C4<0>;
v0x5627a41b17e0_0 .net/2u *"_ivl_178", 31 0, L_0x7f8aa9157a80;  1 drivers
L_0x7f8aa9157138 .functor BUFT 1, C4<00000000000000000000000000000000>, C4<0>, C4<0>, C4<0>;
v0x5627a41b18c0_0 .net/2u *"_ivl_18", 31 0, L_0x7f8aa9157138;  1 drivers
v0x5627a41b19a0_0 .net *"_ivl_180", 0 0, L_0x5627a41cd620;  1 drivers
v0x5627a41b1a60_0 .net *"_ivl_184", 31 0, L_0x5627a41cd900;  1 drivers
L_0x7f8aa9157ac8 .functor BUFT 1, C4<000000000000000000000000>, C4<0>, C4<0>, C4<0>;
v0x5627a41b1b40_0 .net *"_ivl_187", 23 0, L_0x7f8aa9157ac8;  1 drivers
L_0x7f8aa9157b10 .functor BUFT 1, C4<00000000000000000000000000000000>, C4<0>, C4<0>, C4<0>;
v0x5627a41b1c20_0 .net/2u *"_ivl_188", 31 0, L_0x7f8aa9157b10;  1 drivers
v0x5627a41b1d00_0 .net *"_ivl_190", 0 0, L_0x5627a41cda20;  1 drivers
v0x5627a41b1dc0_0 .net *"_ivl_194", 31 0, L_0x5627a41cdd10;  1 drivers
L_0x7f8aa9157b58 .functor BUFT 1, C4<000000000000000000000000>, C4<0>, C4<0>, C4<0>;
v0x5627a41b1ea0_0 .net *"_ivl_197", 23 0, L_0x7f8aa9157b58;  1 drivers
L_0x7f8aa9157ba0 .functor BUFT 1, C4<00000000000000000000000000000000>, C4<0>, C4<0>, C4<0>;
v0x5627a41b1f80_0 .net/2u *"_ivl_198", 31 0, L_0x7f8aa9157ba0;  1 drivers
v0x5627a41b2060_0 .net *"_ivl_2", 31 0, L_0x5627a41b95c0;  1 drivers
v0x5627a41b2140_0 .net *"_ivl_20", 0 0, L_0x5627a41c9bb0;  1 drivers
v0x5627a41b2200_0 .net *"_ivl_200", 0 0, L_0x5627a41cde30;  1 drivers
v0x5627a41b22c0_0 .net *"_ivl_204", 7 0, L_0x5627a41ce130;  1 drivers
v0x5627a41b23a0_0 .net *"_ivl_206", 5 0, L_0x5627a41ce1d0;  1 drivers
L_0x7f8aa9157be8 .functor BUFT 1, C4<00>, C4<0>, C4<0>, C4<0>;
v0x5627a41b2480_0 .net *"_ivl_209", 1 0, L_0x7f8aa9157be8;  1 drivers
v0x5627a41b2560_0 .net *"_ivl_210", 31 0, L_0x5627a41ce4b0;  1 drivers
L_0x7f8aa9157c30 .functor BUFT 1, C4<000000000000000000000000>, C4<0>, C4<0>, C4<0>;
v0x5627a41b2640_0 .net *"_ivl_213", 23 0, L_0x7f8aa9157c30;  1 drivers
L_0x7f8aa9157c78 .functor BUFT 1, C4<00000000000000000000000000000000>, C4<0>, C4<0>, C4<0>;
v0x5627a41b2720_0 .net/2u *"_ivl_214", 31 0, L_0x7f8aa9157c78;  1 drivers
v0x5627a41b2800_0 .net *"_ivl_216", 0 0, L_0x5627a41ce5f0;  1 drivers
L_0x7f8aa9157180 .functor BUFT 1, C4<00000101>, C4<0>, C4<0>, C4<0>;
v0x5627a41b28c0_0 .net/2u *"_ivl_22", 7 0, L_0x7f8aa9157180;  1 drivers
v0x5627a41b29a0_0 .net *"_ivl_220", 31 0, L_0x5627a41ce910;  1 drivers
L_0x7f8aa9157cc0 .functor BUFT 1, C4<000000000000000000000000>, C4<0>, C4<0>, C4<0>;
v0x5627a41b2a80_0 .net *"_ivl_223", 23 0, L_0x7f8aa9157cc0;  1 drivers
L_0x7f8aa9157d08 .functor BUFT 1, C4<00000000000000000000000000000000>, C4<0>, C4<0>, C4<0>;
v0x5627a41b2b60_0 .net/2u *"_ivl_224", 31 0, L_0x7f8aa9157d08;  1 drivers
v0x5627a41b2c40_0 .net *"_ivl_226", 0 0, L_0x5627a41cea30;  1 drivers
v0x5627a41b2d00_0 .net *"_ivl_230", 31 0, L_0x5627a41ced60;  1 drivers
L_0x7f8aa9157d50 .functor BUFT 1, C4<0000000000000000000000>, C4<0>, C4<0>, C4<0>;
v0x5627a41b2de0_0 .net *"_ivl_233", 21 0, L_0x7f8aa9157d50;  1 drivers
L_0x7f8aa9157d98 .functor BUFT 1, C4<00000000000000000000000000000000>, C4<0>, C4<0>, C4<0>;
v0x5627a41b2ec0_0 .net/2u *"_ivl_234", 31 0, L_0x7f8aa9157d98;  1 drivers
v0x5627a41b2fa0_0 .net *"_ivl_236", 0 0, L_0x5627a41cee80;  1 drivers
v0x5627a41b3470_0 .net *"_ivl_240", 31 0, L_0x5627a41cf1c0;  1 drivers
L_0x7f8aa9157de0 .functor BUFT 1, C4<000000000000000000000000>, C4<0>, C4<0>, C4<0>;
v0x5627a41b3550_0 .net *"_ivl_243", 23 0, L_0x7f8aa9157de0;  1 drivers
L_0x7f8aa9157e28 .functor BUFT 1, C4<00000000000000000000000000000000>, C4<0>, C4<0>, C4<0>;
v0x5627a41b3630_0 .net/2u *"_ivl_244", 31 0, L_0x7f8aa9157e28;  1 drivers
v0x5627a41b3710_0 .net *"_ivl_246", 0 0, L_0x5627a41cf2e0;  1 drivers
v0x5627a41b37d0_0 .net *"_ivl_251", 31 0, L_0x5627a41cfbd0;  1 drivers
L_0x7f8aa9157e70 .functor BUFT 1, C4<000000000000000000000000>, C4<0>, C4<0>, C4<0>;
v0x5627a41b38b0_0 .net *"_ivl_254", 23 0, L_0x7f8aa9157e70;  1 drivers
L_0x7f8aa9157eb8 .functor BUFT 1, C4<00000000000000000000000000000000>, C4<0>, C4<0>, C4<0>;
v0x5627a41b3990_0 .net/2u *"_ivl_255", 31 0, L_0x7f8aa9157eb8;  1 drivers
v0x5627a41b3a70_0 .net *"_ivl_257", 0 0, L_0x5627a41cfeb0;  1 drivers
v0x5627a41b3b30_0 .net *"_ivl_26", 31 0, L_0x5627a41c9e70;  1 drivers
L_0x7f8aa91571c8 .functor BUFT 1, C4<000000000000000000000000>, C4<0>, C4<0>, C4<0>;
v0x5627a41b3c10_0 .net *"_ivl_29", 23 0, L_0x7f8aa91571c8;  1 drivers
L_0x7f8aa9157210 .functor BUFT 1, C4<00000000000000000000000000000000>, C4<0>, C4<0>, C4<0>;
v0x5627a41b3cf0_0 .net/2u *"_ivl_30", 31 0, L_0x7f8aa9157210;  1 drivers
v0x5627a41b3dd0_0 .net *"_ivl_32", 0 0, L_0x5627a41ca000;  1 drivers
L_0x7f8aa9157258 .functor BUFT 1, C4<00001010>, C4<0>, C4<0>, C4<0>;
v0x5627a41b3e90_0 .net/2u *"_ivl_34", 7 0, L_0x7f8aa9157258;  1 drivers
v0x5627a41b3f70_0 .net *"_ivl_38", 31 0, L_0x5627a41ca2d0;  1 drivers
L_0x7f8aa91572a0 .functor BUFT 1, C4<000000000000000000000000>, C4<0>, C4<0>, C4<0>;
v0x5627a41b4050_0 .net *"_ivl_41", 23 0, L_0x7f8aa91572a0;  1 drivers
L_0x7f8aa91572e8 .functor BUFT 1, C4<00000000000000000000000000000000>, C4<0>, C4<0>, C4<0>;
v0x5627a41b4130_0 .net/2u *"_ivl_42", 31 0, L_0x7f8aa91572e8;  1 drivers
v0x5627a41b4210_0 .net *"_ivl_44", 0 0, L_0x5627a41ca410;  1 drivers
L_0x7f8aa9157330 .functor BUFT 1, C4<00001111>, C4<0>, C4<0>, C4<0>;
v0x5627a41b42d0_0 .net/2u *"_ivl_46", 7 0, L_0x7f8aa9157330;  1 drivers
L_0x7f8aa9157018 .functor BUFT 1, C4<000000000000000000000000>, C4<0>, C4<0>, C4<0>;
v0x5627a41b43b0_0 .net *"_ivl_5", 23 0, L_0x7f8aa9157018;  1 drivers
v0x5627a41b4490_0 .net *"_ivl_50", 31 0, L_0x5627a41ca700;  1 drivers
L_0x7f8aa9157378 .functor BUFT 1, C4<0000000000000000000000>, C4<0>, C4<0>, C4<0>;
v0x5627a41b4570_0 .net *"_ivl_53", 21 0, L_0x7f8aa9157378;  1 drivers
L_0x7f8aa91573c0 .functor BUFT 1, C4<00000000000000000000000000000000>, C4<0>, C4<0>, C4<0>;
v0x5627a41b4650_0 .net/2u *"_ivl_54", 31 0, L_0x7f8aa91573c0;  1 drivers
v0x5627a41b4730_0 .net *"_ivl_56", 0 0, L_0x5627a41ca8c0;  1 drivers
L_0x7f8aa9157408 .functor BUFT 1, C4<0000010100>, C4<0>, C4<0>, C4<0>;
v0x5627a41b47f0_0 .net/2u *"_ivl_58", 9 0, L_0x7f8aa9157408;  1 drivers
L_0x7f8aa9157060 .functor BUFT 1, C4<00000000000000000000000000000000>, C4<0>, C4<0>, C4<0>;
v0x5627a41b48d0_0 .net/2u *"_ivl_6", 31 0, L_0x7f8aa9157060;  1 drivers
v0x5627a41b49b0_0 .net *"_ivl_64", 7 0, L_0x5627a41cabd0;  1 drivers
v0x5627a41b4a90_0 .net *"_ivl_66", 5 0, L_0x5627a41cac70;  1 drivers
L_0x7f8aa9157450 .functor BUFT 1, C4<00>, C4<0>, C4<0>, C4<0>;
v0x5627a41b4b70_0 .net *"_ivl_69", 1 0, L_0x7f8aa9157450;  1 drivers
v0x5627a41b4c50_0 .net *"_ivl_70", 31 0, L_0x5627a41caea0;  1 drivers
L_0x7f8aa9157498 .functor BUFT 1, C4<000000000000000000000000>, C4<0>, C4<0>, C4<0>;
v0x5627a41b4d30_0 .net *"_ivl_73", 23 0, L_0x7f8aa9157498;  1 drivers
L_0x7f8aa91574e0 .functor BUFT 1, C4<00000000000000000000000000000000>, C4<0>, C4<0>, C4<0>;
v0x5627a41b4e10_0 .net/2u *"_ivl_74", 31 0, L_0x7f8aa91574e0;  1 drivers
v0x5627a41b4ef0_0 .net *"_ivl_76", 0 0, L_0x5627a41cafe0;  1 drivers
v0x5627a41b4fb0_0 .net *"_ivl_8", 0 0, L_0x5627a41c9710;  1 drivers
v0x5627a41b5070_0 .net *"_ivl_80", 7 0, L_0x5627a41cadb0;  1 drivers
v0x5627a41b5150_0 .net *"_ivl_82", 5 0, L_0x5627a41cb1d0;  1 drivers
L_0x7f8aa9157528 .functor BUFT 1, C4<00>, C4<0>, C4<0>, C4<0>;
v0x5627a41b5230_0 .net *"_ivl_85", 1 0, L_0x7f8aa9157528;  1 drivers
v0x5627a41b5310_0 .net *"_ivl_86", 31 0, L_0x5627a41cb3d0;  1 drivers
L_0x7f8aa9157570 .functor BUFT 1, C4<000000000000000000000000>, C4<0>, C4<0>, C4<0>;
v0x5627a41b53f0_0 .net *"_ivl_89", 23 0, L_0x7f8aa9157570;  1 drivers
L_0x7f8aa91575b8 .functor BUFT 1, C4<00000000000000000000000000000000>, C4<0>, C4<0>, C4<0>;
v0x5627a41b54d0_0 .net/2u *"_ivl_90", 31 0, L_0x7f8aa91575b8;  1 drivers
v0x5627a41b55b0_0 .net *"_ivl_92", 0 0, L_0x5627a41cb510;  1 drivers
v0x5627a41b5670_0 .net *"_ivl_96", 7 0, L_0x5627a41cb720;  1 drivers
v0x5627a41b5750_0 .net *"_ivl_98", 5 0, L_0x5627a41cb7c0;  1 drivers
v0x5627a41b5830_0 .net "bank_idx", 3 0, L_0x5627a41b94a0;  1 drivers
v0x5627a41b5910_0 .net "cfg_cl", 4 0, v0x5627a41b8770_0;  1 drivers
v0x5627a41b59f0_0 .net "cfg_cwl", 4 0, v0x5627a41b8850_0;  1 drivers
v0x5627a41b5ad0_0 .net "cfg_tras", 7 0, v0x5627a41b88f0_0;  1 drivers
v0x5627a41b5bb0_0 .net "cfg_trc", 7 0, v0x5627a41b89f0_0;  1 drivers
v0x5627a41b5c90_0 .net "cfg_trcd", 7 0, v0x5627a41b8ac0_0;  1 drivers
v0x5627a41b5d70_0 .net "cfg_trefi", 13 0, v0x5627a41b8bb0_0;  1 drivers
v0x5627a41b5e50_0 .net "cfg_trfc", 9 0, v0x5627a41b8c80_0;  1 drivers
v0x5627a41b5f30_0 .net "cfg_trp", 7 0, v0x5627a41b8d50_0;  1 drivers
v0x5627a41b6010_0 .net "clk", 0 0, v0x5627a41b8e20_0;  1 drivers
v0x5627a41b60d0_0 .var "cnt_ccd_l", 7 0;
v0x5627a41b61b0_0 .var "cnt_ccd_s", 7 0;
v0x5627a41b6290_0 .var "cnt_faw", 7 0;
v0x5627a41b6370_0 .var "cnt_mod", 7 0;
v0x5627a41b6450 .array "cnt_ras", 15 0, 7 0;
v0x5627a41b6510 .array "cnt_rc", 15 0, 7 0;
v0x5627a41b65d0 .array "cnt_rcd", 15 0, 7 0;
v0x5627a41b6690_0 .var "cnt_rfc", 9 0;
v0x5627a41b6770 .array "cnt_rp", 15 0, 7 0;
v0x5627a41b6830_0 .var "cnt_rrd_l", 7 0;
v0x5627a41b6910_0 .var "cnt_rrd_s", 7 0;
v0x5627a41b69f0 .array "cnt_rtp", 15 0, 7 0;
v0x5627a41b72c0 .array "cnt_wr", 15 0, 7 0;
v0x5627a41b7380_0 .var "cnt_wtr_l", 7 0;
v0x5627a41b7460_0 .var "cnt_wtr_s", 7 0;
v0x5627a41b7540_0 .var "cnt_zq", 7 0;
v0x5627a41b7620_0 .net "dram_ba", 1 0, v0x5627a41b8ef0_0;  1 drivers
v0x5627a41b7700_0 .net "dram_bg", 1 0, v0x5627a41b8fc0_0;  1 drivers
v0x5627a41b77e0_0 .net "dram_cmd_type", 2 0, v0x5627a41b9090_0;  1 drivers
v0x5627a41b78c0_0 .net "dram_cmd_valid", 0 0, v0x5627a41b9160_0;  1 drivers
v0x5627a41b7980_0 .net "dram_rank", 1 0, v0x5627a41b9230_0;  1 drivers
v0x5627a41b7a60_0 .var/i "i", 31 0;
v0x5627a41b7b40_0 .net "rst_n", 0 0, v0x5627a41b9300_0;  1 drivers
v0x5627a41b7c00_0 .net "timing_ok", 15 0, L_0x5627a41cf630;  alias, 1 drivers
v0x5627a41b7ce0_0 .net "tras_val", 7 0, L_0x5627a41ca1d0;  1 drivers
v0x5627a41b7dc0_0 .net "trc_val", 7 0, L_0x5627a41ca5c0;  1 drivers
v0x5627a41b7ea0_0 .net "trcd_val", 7 0, L_0x5627a41c9880;  1 drivers
v0x5627a41b7f80_0 .net "trfc_val", 9 0, L_0x5627a41caa00;  1 drivers
v0x5627a41b8060_0 .net "trp_val", 7 0, L_0x5627a41c9d30;  1 drivers
E_0x5627a4154400 .event posedge, v0x5627a41b6010_0;
L_0x5627a41b94a0 .concat [ 2 2 0 0], v0x5627a41b8ef0_0, v0x5627a41b8fc0_0;
L_0x5627a41b95c0 .concat [ 8 24 0 0], v0x5627a41b8ac0_0, L_0x7f8aa9157018;
L_0x5627a41c9710 .cmp/ne 32, L_0x5627a41b95c0, L_0x7f8aa9157060;
L_0x5627a41c9880 .functor MUXZ 8, L_0x7f8aa91570a8, v0x5627a41b8ac0_0, L_0x5627a41c9710, C4<>;
L_0x5627a41c9a20 .concat [ 8 24 0 0], v0x5627a41b8d50_0, L_0x7f8aa91570f0;
L_0x5627a41c9bb0 .cmp/ne 32, L_0x5627a41c9a20, L_0x7f8aa9157138;
L_0x5627a41c9d30 .functor MUXZ 8, L_0x7f8aa9157180, v0x5627a41b8d50_0, L_0x5627a41c9bb0, C4<>;
L_0x5627a41c9e70 .concat [ 8 24 0 0], v0x5627a41b88f0_0, L_0x7f8aa91571c8;
L_0x5627a41ca000 .cmp/ne 32, L_0x5627a41c9e70, L_0x7f8aa9157210;
L_0x5627a41ca1d0 .functor MUXZ 8, L_0x7f8aa9157258, v0x5627a41b88f0_0, L_0x5627a41ca000, C4<>;
L_0x5627a41ca2d0 .concat [ 8 24 0 0], v0x5627a41b89f0_0, L_0x7f8aa91572a0;
L_0x5627a41ca410 .cmp/ne 32, L_0x5627a41ca2d0, L_0x7f8aa91572e8;
L_0x5627a41ca5c0 .functor MUXZ 8, L_0x7f8aa9157330, v0x5627a41b89f0_0, L_0x5627a41ca410, C4<>;
L_0x5627a41ca700 .concat [ 10 22 0 0], v0x5627a41b8c80_0, L_0x7f8aa9157378;
L_0x5627a41ca8c0 .cmp/ne 32, L_0x5627a41ca700, L_0x7f8aa91573c0;
L_0x5627a41caa00 .functor MUXZ 10, L_0x7f8aa9157408, v0x5627a41b8c80_0, L_0x5627a41ca8c0, C4<>;
L_0x5627a41cabd0 .array/port v0x5627a41b65d0, L_0x5627a41cac70;
L_0x5627a41cac70 .concat [ 4 2 0 0], L_0x5627a41b94a0, L_0x7f8aa9157450;
L_0x5627a41caea0 .concat [ 8 24 0 0], L_0x5627a41cabd0, L_0x7f8aa9157498;
L_0x5627a41cafe0 .cmp/eq 32, L_0x5627a41caea0, L_0x7f8aa91574e0;
L_0x5627a41cadb0 .array/port v0x5627a41b6770, L_0x5627a41cb1d0;
L_0x5627a41cb1d0 .concat [ 4 2 0 0], L_0x5627a41b94a0, L_0x7f8aa9157528;
L_0x5627a41cb3d0 .concat [ 8 24 0 0], L_0x5627a41cadb0, L_0x7f8aa9157570;
L_0x5627a41cb510 .cmp/eq 32, L_0x5627a41cb3d0, L_0x7f8aa91575b8;
L_0x5627a41cb720 .array/port v0x5627a41b6450, L_0x5627a41cb7c0;
L_0x5627a41cb7c0 .concat [ 4 2 0 0], L_0x5627a41b94a0, L_0x7f8aa9157600;
L_0x5627a41cb990 .concat [ 8 24 0 0], L_0x5627a41cb720, L_0x7f8aa9157648;
L_0x5627a41cbad0 .cmp/eq 32, L_0x5627a41cb990, L_0x7f8aa9157690;
L_0x5627a41cbd00 .array/port v0x5627a41b6510, L_0x5627a41cbda0;
L_0x5627a41cbda0 .concat [ 4 2 0 0], L_0x5627a41b94a0, L_0x7f8aa91576d8;
L_0x5627a41cbfe0 .concat [ 8 24 0 0], L_0x5627a41cbd00, L_0x7f8aa9157720;
L_0x5627a41cc120 .cmp/eq 32, L_0x5627a41cbfe0, L_0x7f8aa9157768;
L_0x5627a41cc3a0 .concat [ 8 24 0 0], v0x5627a41b60d0_0, L_0x7f8aa91577b0;
L_0x5627a41cc4c0 .cmp/eq 32, L_0x5627a41cc3a0, L_0x7f8aa91577f8;
L_0x5627a41cc750 .concat [ 8 24 0 0], v0x5627a41b61b0_0, L_0x7f8aa9157840;
L_0x5627a41cc870 .cmp/eq 32, L_0x5627a41cc750, L_0x7f8aa9157888;
L_0x5627a41cc630 .concat [ 8 24 0 0], v0x5627a41b6830_0, L_0x7f8aa91578d0;
L_0x5627a41ccb10 .cmp/eq 32, L_0x5627a41cc630, L_0x7f8aa9157918;
L_0x5627a41ccdc0 .concat [ 8 24 0 0], v0x5627a41b6910_0, L_0x7f8aa9157960;
L_0x5627a41ccee0 .cmp/eq 32, L_0x5627a41ccdc0, L_0x7f8aa91579a8;
L_0x5627a41cd1a0 .array/port v0x5627a41b72c0, L_0x5627a41cd240;
L_0x5627a41cd240 .concat [ 4 2 0 0], L_0x5627a41b94a0, L_0x7f8aa91579f0;
L_0x5627a41cd4e0 .concat [ 8 24 0 0], L_0x5627a41cd1a0, L_0x7f8aa9157a38;
L_0x5627a41cd620 .cmp/eq 32, L_0x5627a41cd4e0, L_0x7f8aa9157a80;
L_0x5627a41cd900 .concat [ 8 24 0 0], v0x5627a41b7380_0, L_0x7f8aa9157ac8;
L_0x5627a41cda20 .cmp/eq 32, L_0x5627a41cd900, L_0x7f8aa9157b10;
L_0x5627a41cdd10 .concat [ 8 24 0 0], v0x5627a41b7460_0, L_0x7f8aa9157b58;
L_0x5627a41cde30 .cmp/eq 32, L_0x5627a41cdd10, L_0x7f8aa9157ba0;
L_0x5627a41ce130 .array/port v0x5627a41b69f0, L_0x5627a41ce1d0;
L_0x5627a41ce1d0 .concat [ 4 2 0 0], L_0x5627a41b94a0, L_0x7f8aa9157be8;
L_0x5627a41ce4b0 .concat [ 8 24 0 0], L_0x5627a41ce130, L_0x7f8aa9157c30;
L_0x5627a41ce5f0 .cmp/eq 32, L_0x5627a41ce4b0, L_0x7f8aa9157c78;
L_0x5627a41ce910 .concat [ 8 24 0 0], v0x5627a41b6290_0, L_0x7f8aa9157cc0;
L_0x5627a41cea30 .cmp/eq 32, L_0x5627a41ce910, L_0x7f8aa9157d08;
L_0x5627a41ced60 .concat [ 10 22 0 0], v0x5627a41b6690_0, L_0x7f8aa9157d50;
L_0x5627a41cee80 .cmp/eq 32, L_0x5627a41ced60, L_0x7f8aa9157d98;
L_0x5627a41cf1c0 .concat [ 8 24 0 0], v0x5627a41b6370_0, L_0x7f8aa9157de0;
L_0x5627a41cf2e0 .cmp/eq 32, L_0x5627a41cf1c0, L_0x7f8aa9157e28;
LS_0x5627a41cf630_0_0 .concat8 [ 1 1 1 1], L_0x5627a41cafe0, L_0x5627a41cb510, L_0x5627a41cbad0, L_0x5627a41cc120;
LS_0x5627a41cf630_0_4 .concat8 [ 1 1 1 1], L_0x5627a41cc4c0, L_0x5627a41cc870, L_0x5627a41ccb10, L_0x5627a41ccee0;
LS_0x5627a41cf630_0_8 .concat8 [ 1 1 1 1], L_0x5627a41cd620, L_0x5627a41cda20, L_0x5627a41cde30, L_0x5627a41ce5f0;
LS_0x5627a41cf630_0_12 .concat8 [ 1 1 1 1], L_0x5627a41cea30, L_0x5627a41cee80, L_0x5627a41cf2e0, L_0x5627a41cfeb0;
L_0x5627a41cf630 .concat8 [ 4 4 4 4], LS_0x5627a41cf630_0_0, LS_0x5627a41cf630_0_4, LS_0x5627a41cf630_0_8, LS_0x5627a41cf630_0_12;
L_0x5627a41cfbd0 .concat [ 8 24 0 0], v0x5627a41b7540_0, L_0x7f8aa9157e70;
L_0x5627a41cfeb0 .cmp/eq 32, L_0x5627a41cfbd0, L_0x7f8aa9157eb8;
S_0x5627a41b8340 .scope task, "send_cmd" "send_cmd" 3 43, 3 43 0, S_0x5627a4146840;
 .timescale -9 -12;
v0x5627a41b84f0_0 .var "ba", 1 0;
v0x5627a41b85d0_0 .var "bg", 1 0;
v0x5627a41b86b0_0 .var "ctype", 2 0;
TD_ddr4_timing_engine_tb.send_cmd ;
    %wait E_0x5627a4154400;
    %pushi/vec4 1, 0, 1;
    %store/vec4 v0x5627a41b9160_0, 0, 1;
    %load/vec4 v0x5627a41b86b0_0;
    %store/vec4 v0x5627a41b9090_0, 0, 3;
    %load/vec4 v0x5627a41b85d0_0;
    %store/vec4 v0x5627a41b8fc0_0, 0, 2;
    %load/vec4 v0x5627a41b84f0_0;
    %store/vec4 v0x5627a41b8ef0_0, 0, 2;
    %wait E_0x5627a4154400;
    %pushi/vec4 0, 0, 1;
    %store/vec4 v0x5627a41b9160_0, 0, 1;
    %end;
    .scope S_0x5627a4101490;
T_1 ;
    %wait E_0x5627a4154400;
    %load/vec4 v0x5627a41b7b40_0;
    %nor/r;
    %flag_set/vec4 8;
    %jmp/0xz  T_1.0, 8;
    %pushi/vec4 0, 0, 32;
    %store/vec4 v0x5627a41b7a60_0, 0, 32;
T_1.2 ;
    %load/vec4 v0x5627a41b7a60_0;
    %cmpi/s 16, 0, 32;
    %jmp/0xz T_1.3, 5;
    %pushi/vec4 0, 0, 8;
    %ix/getv/s 3, v0x5627a41b7a60_0;
    %ix/load 4, 0, 0; Constant delay
    %assign/vec4/a/d v0x5627a41b65d0, 0, 4;
    %pushi/vec4 0, 0, 8;
    %ix/getv/s 3, v0x5627a41b7a60_0;
    %ix/load 4, 0, 0; Constant delay
    %assign/vec4/a/d v0x5627a41b6770, 0, 4;
    %pushi/vec4 0, 0, 8;
    %ix/getv/s 3, v0x5627a41b7a60_0;
    %ix/load 4, 0, 0; Constant delay
    %assign/vec4/a/d v0x5627a41b6450, 0, 4;
    %pushi/vec4 0, 0, 8;
    %ix/getv/s 3, v0x5627a41b7a60_0;
    %ix/load 4, 0, 0; Constant delay
    %assign/vec4/a/d v0x5627a41b6510, 0, 4;
    %pushi/vec4 0, 0, 8;
    %ix/getv/s 3, v0x5627a41b7a60_0;
    %ix/load 4, 0, 0; Constant delay
    %assign/vec4/a/d v0x5627a41b69f0, 0, 4;
    %pushi/vec4 0, 0, 8;
    %ix/getv/s 3, v0x5627a41b7a60_0;
    %ix/load 4, 0, 0; Constant delay
    %assign/vec4/a/d v0x5627a41b72c0, 0, 4;
    %load/vec4 v0x5627a41b7a60_0;
    %addi 1, 0, 32;
    %store/vec4 v0x5627a41b7a60_0, 0, 32;
    %jmp T_1.2;
T_1.3 ;
    %pushi/vec4 0, 0, 10;
    %assign/vec4 v0x5627a41b6690_0, 0;
    %pushi/vec4 0, 0, 8;
    %assign/vec4 v0x5627a41b6290_0, 0;
    %pushi/vec4 0, 0, 8;
    %assign/vec4 v0x5627a41b6830_0, 0;
    %pushi/vec4 0, 0, 8;
    %assign/vec4 v0x5627a41b6910_0, 0;
    %pushi/vec4 0, 0, 8;
    %assign/vec4 v0x5627a41b60d0_0, 0;
    %pushi/vec4 0, 0, 8;
    %assign/vec4 v0x5627a41b61b0_0, 0;
    %pushi/vec4 0, 0, 8;
    %assign/vec4 v0x5627a41b7380_0, 0;
    %pushi/vec4 0, 0, 8;
    %assign/vec4 v0x5627a41b7460_0, 0;
    %pushi/vec4 0, 0, 8;
    %assign/vec4 v0x5627a41b6370_0, 0;
    %pushi/vec4 0, 0, 8;
    %assign/vec4 v0x5627a41b7540_0, 0;
    %jmp T_1.1;
T_1.0 ;
    %pushi/vec4 0, 0, 32;
    %store/vec4 v0x5627a41b7a60_0, 0, 32;
T_1.4 ;
    %load/vec4 v0x5627a41b7a60_0;
    %cmpi/s 16, 0, 32;
    %jmp/0xz T_1.5, 5;
    %ix/getv/s 4, v0x5627a41b7a60_0;
    %load/vec4a v0x5627a41b65d0, 4;
    %pad/u 32;
    %cmpi/ne 0, 0, 32;
    %jmp/0xz  T_1.6, 4;
    %ix/getv/s 4, v0x5627a41b7a60_0;
    %load/vec4a v0x5627a41b65d0, 4;
    %subi 1, 0, 8;
    %ix/getv/s 3, v0x5627a41b7a60_0;
    %ix/load 4, 0, 0; Constant delay
    %assign/vec4/a/d v0x5627a41b65d0, 0, 4;
T_1.6 ;
    %ix/getv/s 4, v0x5627a41b7a60_0;
    %load/vec4a v0x5627a41b6770, 4;
    %pad/u 32;
    %cmpi/ne 0, 0, 32;
    %jmp/0xz  T_1.8, 4;
    %ix/getv/s 4, v0x5627a41b7a60_0;
    %load/vec4a v0x5627a41b6770, 4;
    %subi 1, 0, 8;
    %ix/getv/s 3, v0x5627a41b7a60_0;
    %ix/load 4, 0, 0; Constant delay
    %assign/vec4/a/d v0x5627a41b6770, 0, 4;
T_1.8 ;
    %ix/getv/s 4, v0x5627a41b7a60_0;
    %load/vec4a v0x5627a41b6450, 4;
    %pad/u 32;
    %cmpi/ne 0, 0, 32;
    %jmp/0xz  T_1.10, 4;
    %ix/getv/s 4, v0x5627a41b7a60_0;
    %load/vec4a v0x5627a41b6450, 4;
    %subi 1, 0, 8;
    %ix/getv/s 3, v0x5627a41b7a60_0;
    %ix/load 4, 0, 0; Constant delay
    %assign/vec4/a/d v0x5627a41b6450, 0, 4;
T_1.10 ;
    %ix/getv/s 4, v0x5627a41b7a60_0;
    %load/vec4a v0x5627a41b6510, 4;
    %pad/u 32;
    %cmpi/ne 0, 0, 32;
    %jmp/0xz  T_1.12, 4;
    %ix/getv/s 4, v0x5627a41b7a60_0;
    %load/vec4a v0x5627a41b6510, 4;
    %subi 1, 0, 8;
    %ix/getv/s 3, v0x5627a41b7a60_0;
    %ix/load 4, 0, 0; Constant delay
    %assign/vec4/a/d v0x5627a41b6510, 0, 4;
T_1.12 ;
    %ix/getv/s 4, v0x5627a41b7a60_0;
    %load/vec4a v0x5627a41b69f0, 4;
    %pad/u 32;
    %cmpi/ne 0, 0, 32;
    %jmp/0xz  T_1.14, 4;
    %ix/getv/s 4, v0x5627a41b7a60_0;
    %load/vec4a v0x5627a41b69f0, 4;
    %subi 1, 0, 8;
    %ix/getv/s 3, v0x5627a41b7a60_0;
    %ix/load 4, 0, 0; Constant delay
    %assign/vec4/a/d v0x5627a41b69f0, 0, 4;
T_1.14 ;
    %ix/getv/s 4, v0x5627a41b7a60_0;
    %load/vec4a v0x5627a41b72c0, 4;
    %pad/u 32;
    %cmpi/ne 0, 0, 32;
    %jmp/0xz  T_1.16, 4;
    %ix/getv/s 4, v0x5627a41b7a60_0;
    %load/vec4a v0x5627a41b72c0, 4;
    %subi 1, 0, 8;
    %ix/getv/s 3, v0x5627a41b7a60_0;
    %ix/load 4, 0, 0; Constant delay
    %assign/vec4/a/d v0x5627a41b72c0, 0, 4;
T_1.16 ;
    %load/vec4 v0x5627a41b7a60_0;
    %addi 1, 0, 32;
    %store/vec4 v0x5627a41b7a60_0, 0, 32;
    %jmp T_1.4;
T_1.5 ;
    %load/vec4 v0x5627a41b6690_0;
    %pad/u 32;
    %cmpi/ne 0, 0, 32;
    %jmp/0xz  T_1.18, 4;
    %load/vec4 v0x5627a41b6690_0;
    %subi 1, 0, 10;
    %assign/vec4 v0x5627a41b6690_0, 0;
T_1.18 ;
    %load/vec4 v0x5627a41b6290_0;
    %pad/u 32;
    %cmpi/ne 0, 0, 32;
    %jmp/0xz  T_1.20, 4;
    %load/vec4 v0x5627a41b6290_0;
    %subi 1, 0, 8;
    %assign/vec4 v0x5627a41b6290_0, 0;
T_1.20 ;
    %load/vec4 v0x5627a41b6830_0;
    %pad/u 32;
    %cmpi/ne 0, 0, 32;
    %jmp/0xz  T_1.22, 4;
    %load/vec4 v0x5627a41b6830_0;
    %subi 1, 0, 8;
    %assign/vec4 v0x5627a41b6830_0, 0;
T_1.22 ;
    %load/vec4 v0x5627a41b6910_0;
    %pad/u 32;
    %cmpi/ne 0, 0, 32;
    %jmp/0xz  T_1.24, 4;
    %load/vec4 v0x5627a41b6910_0;
    %subi 1, 0, 8;
    %assign/vec4 v0x5627a41b6910_0, 0;
T_1.24 ;
    %load/vec4 v0x5627a41b60d0_0;
    %pad/u 32;
    %cmpi/ne 0, 0, 32;
    %jmp/0xz  T_1.26, 4;
    %load/vec4 v0x5627a41b60d0_0;
    %subi 1, 0, 8;
    %assign/vec4 v0x5627a41b60d0_0, 0;
T_1.26 ;
    %load/vec4 v0x5627a41b61b0_0;
    %pad/u 32;
    %cmpi/ne 0, 0, 32;
    %jmp/0xz  T_1.28, 4;
    %load/vec4 v0x5627a41b61b0_0;
    %subi 1, 0, 8;
    %assign/vec4 v0x5627a41b61b0_0, 0;
T_1.28 ;
    %load/vec4 v0x5627a41b7380_0;
    %pad/u 32;
    %cmpi/ne 0, 0, 32;
    %jmp/0xz  T_1.30, 4;
    %load/vec4 v0x5627a41b7380_0;
    %subi 1, 0, 8;
    %assign/vec4 v0x5627a41b7380_0, 0;
T_1.30 ;
    %load/vec4 v0x5627a41b7460_0;
    %pad/u 32;
    %cmpi/ne 0, 0, 32;
    %jmp/0xz  T_1.32, 4;
    %load/vec4 v0x5627a41b7460_0;
    %subi 1, 0, 8;
    %assign/vec4 v0x5627a41b7460_0, 0;
T_1.32 ;
    %load/vec4 v0x5627a41b6370_0;
    %pad/u 32;
    %cmpi/ne 0, 0, 32;
    %jmp/0xz  T_1.34, 4;
    %load/vec4 v0x5627a41b6370_0;
    %subi 1, 0, 8;
    %assign/vec4 v0x5627a41b6370_0, 0;
T_1.34 ;
    %load/vec4 v0x5627a41b7540_0;
    %pad/u 32;
    %cmpi/ne 0, 0, 32;
    %jmp/0xz  T_1.36, 4;
    %load/vec4 v0x5627a41b7540_0;
    %subi 1, 0, 8;
    %assign/vec4 v0x5627a41b7540_0, 0;
T_1.36 ;
    %load/vec4 v0x5627a41b78c0_0;
    %flag_set/vec4 8;
    %jmp/0xz  T_1.38, 8;
    %load/vec4 v0x5627a41b77e0_0;
    %dup/vec4;
    %pushi/vec4 4, 0, 3;
    %cmp/u;
    %jmp/1 T_1.40, 6;
    %dup/vec4;
    %pushi/vec4 6, 0, 3;
    %cmp/u;
    %jmp/1 T_1.41, 6;
    %dup/vec4;
    %pushi/vec4 5, 0, 3;
    %cmp/u;
    %jmp/1 T_1.42, 6;
    %dup/vec4;
    %pushi/vec4 3, 0, 3;
    %cmp/u;
    %jmp/1 T_1.43, 6;
    %dup/vec4;
    %pushi/vec4 2, 0, 3;
    %cmp/u;
    %jmp/1 T_1.44, 6;
    %dup/vec4;
    %pushi/vec4 1, 0, 3;
    %cmp/u;
    %jmp/1 T_1.45, 6;
    %dup/vec4;
    %pushi/vec4 7, 0, 3;
    %cmp/u;
    %jmp/1 T_1.46, 6;
    %jmp T_1.48;
T_1.40 ;
    %load/vec4 v0x5627a41b7ea0_0;
    %load/vec4 v0x5627a41b5830_0;
    %pad/u 6;
    %ix/vec4 3;
    %ix/load 4, 0, 0; Constant delay
    %assign/vec4/a/d v0x5627a41b65d0, 0, 4;
    %load/vec4 v0x5627a41b7ce0_0;
    %load/vec4 v0x5627a41b5830_0;
    %pad/u 6;
    %ix/vec4 3;
    %ix/load 4, 0, 0; Constant delay
    %assign/vec4/a/d v0x5627a41b6450, 0, 4;
    %load/vec4 v0x5627a41b7dc0_0;
    %load/vec4 v0x5627a41b5830_0;
    %pad/u 6;
    %ix/vec4 3;
    %ix/load 4, 0, 0; Constant delay
    %assign/vec4/a/d v0x5627a41b6510, 0, 4;
    %pushi/vec4 4, 0, 8;
    %assign/vec4 v0x5627a41b6830_0, 0;
    %pushi/vec4 2, 0, 8;
    %assign/vec4 v0x5627a41b6910_0, 0;
    %pushi/vec4 8, 0, 8;
    %assign/vec4 v0x5627a41b6290_0, 0;
    %jmp T_1.48;
T_1.41 ;
    %pushi/vec4 4, 0, 8;
    %assign/vec4 v0x5627a41b60d0_0, 0;
    %pushi/vec4 2, 0, 8;
    %assign/vec4 v0x5627a41b61b0_0, 0;
    %pushi/vec4 4, 0, 8;
    %load/vec4 v0x5627a41b5830_0;
    %pad/u 6;
    %ix/vec4 3;
    %ix/load 4, 0, 0; Constant delay
    %assign/vec4/a/d v0x5627a41b69f0, 0, 4;
    %jmp T_1.48;
T_1.42 ;
    %pushi/vec4 4, 0, 8;
    %assign/vec4 v0x5627a41b60d0_0, 0;
    %pushi/vec4 2, 0, 8;
    %assign/vec4 v0x5627a41b61b0_0, 0;
    %pushi/vec4 8, 0, 8;
    %load/vec4 v0x5627a41b5830_0;
    %pad/u 6;
    %ix/vec4 3;
    %ix/load 4, 0, 0; Constant delay
    %assign/vec4/a/d v0x5627a41b72c0, 0, 4;
    %pushi/vec4 6, 0, 8;
    %assign/vec4 v0x5627a41b7380_0, 0;
    %pushi/vec4 2, 0, 8;
    %assign/vec4 v0x5627a41b7460_0, 0;
    %jmp T_1.48;
T_1.43 ;
    %load/vec4 v0x5627a41b8060_0;
    %load/vec4 v0x5627a41b5830_0;
    %pad/u 6;
    %ix/vec4 3;
    %ix/load 4, 0, 0; Constant delay
    %assign/vec4/a/d v0x5627a41b6770, 0, 4;
    %jmp T_1.48;
T_1.44 ;
    %load/vec4 v0x5627a41b7f80_0;
    %assign/vec4 v0x5627a41b6690_0, 0;
    %jmp T_1.48;
T_1.45 ;
    %pushi/vec4 6, 0, 8;
    %assign/vec4 v0x5627a41b6370_0, 0;
    %jmp T_1.48;
T_1.46 ;
    %pushi/vec4 10, 0, 8;
    %assign/vec4 v0x5627a41b7540_0, 0;
    %jmp T_1.48;
T_1.48 ;
    %pop/vec4 1;
T_1.38 ;
T_1.1 ;
    %jmp T_1;
    .thread T_1;
    .scope S_0x5627a4146840;
T_2 ;
    %pushi/vec4 0, 0, 1;
    %store/vec4 v0x5627a41b8e20_0, 0, 1;
    %end;
    .thread T_2;
    .scope S_0x5627a4146840;
T_3 ;
    %delay 5000, 0;
    %load/vec4 v0x5627a41b8e20_0;
    %inv;
    %store/vec4 v0x5627a41b8e20_0, 0, 1;
    %jmp T_3;
    .thread T_3;
    .scope S_0x5627a4146840;
T_4 ;
    %vpi_call/w 3 39 "$dumpfile", "results/phase-core-ctrl/ddr4_timing_engine.vcd" {0 0 0};
    %vpi_call/w 3 40 "$dumpvars", 32'sb00000000000000000000000000000000, S_0x5627a4146840 {0 0 0};
    %end;
    .thread T_4;
    .scope S_0x5627a4146840;
T_5 ;
    %pushi/vec4 0, 0, 1;
    %store/vec4 v0x5627a41b9300_0, 0, 1;
    %pushi/vec4 0, 0, 1;
    %store/vec4 v0x5627a41b9160_0, 0, 1;
    %pushi/vec4 0, 0, 3;
    %store/vec4 v0x5627a41b9090_0, 0, 3;
    %pushi/vec4 0, 0, 2;
    %store/vec4 v0x5627a41b9230_0, 0, 2;
    %pushi/vec4 0, 0, 2;
    %store/vec4 v0x5627a41b8fc0_0, 0, 2;
    %pushi/vec4 0, 0, 2;
    %store/vec4 v0x5627a41b8ef0_0, 0, 2;
    %pushi/vec4 11, 0, 5;
    %store/vec4 v0x5627a41b8770_0, 0, 5;
    %pushi/vec4 9, 0, 5;
    %store/vec4 v0x5627a41b8850_0, 0, 5;
    %pushi/vec4 0, 0, 8;
    %store/vec4 v0x5627a41b8ac0_0, 0, 8;
    %pushi/vec4 0, 0, 8;
    %store/vec4 v0x5627a41b8d50_0, 0, 8;
    %pushi/vec4 0, 0, 8;
    %store/vec4 v0x5627a41b88f0_0, 0, 8;
    %pushi/vec4 0, 0, 8;
    %store/vec4 v0x5627a41b89f0_0, 0, 8;
    %pushi/vec4 0, 0, 10;
    %store/vec4 v0x5627a41b8c80_0, 0, 10;
    %pushi/vec4 0, 0, 14;
    %store/vec4 v0x5627a41b8bb0_0, 0, 14;
    %pushi/vec4 5, 0, 32;
T_5.0 %dup/vec4;
    %pushi/vec4 0, 0, 32;
    %cmp/s;
    %jmp/1xz T_5.1, 5;
    %jmp/1 T_5.1, 4;
    %pushi/vec4 1, 0, 32;
    %sub;
    %wait E_0x5627a4154400;
    %jmp T_5.0;
T_5.1 ;
    %pop/vec4 1;
    %pushi/vec4 1, 0, 1;
    %store/vec4 v0x5627a41b9300_0, 0, 1;
    %wait E_0x5627a4154400;
    %vpi_call/w 3 80 "$display", "Test 1: ACT -> tRCD" {0 0 0};
    %pushi/vec4 4, 0, 3;
    %store/vec4 v0x5627a41b86b0_0, 0, 3;
    %pushi/vec4 0, 0, 2;
    %store/vec4 v0x5627a41b85d0_0, 0, 2;
    %pushi/vec4 0, 0, 2;
    %store/vec4 v0x5627a41b84f0_0, 0, 2;
    %fork TD_ddr4_timing_engine_tb.send_cmd, S_0x5627a41b8340;
    %join;
    %wait E_0x5627a4154400;
    %load/vec4 v0x5627a41b93d0_0;
    %parti/s 1, 0, 2;
    %cmpi/ne 0, 0, 1;
    %jmp/0xz  T_5.2, 6;
    %vpi_call/w 3 86 "$fatal", 32'sb00000000000000000000000000000001, "SIMULATION FAILED: tRCD should be busy after ACT (got %b)", &PV<v0x5627a41b93d0_0, 0, 1> {0 0 0};
T_5.2 ;
    %pushi/vec4 10, 0, 32;
T_5.4 %dup/vec4;
    %pushi/vec4 0, 0, 32;
    %cmp/s;
    %jmp/1xz T_5.5, 5;
    %jmp/1 T_5.5, 4;
    %pushi/vec4 1, 0, 32;
    %sub;
    %wait E_0x5627a4154400;
    %jmp T_5.4;
T_5.5 ;
    %pop/vec4 1;
    %load/vec4 v0x5627a41b93d0_0;
    %parti/s 1, 0, 2;
    %cmpi/ne 1, 0, 1;
    %jmp/0xz  T_5.6, 6;
    %vpi_call/w 3 91 "$fatal", 32'sb00000000000000000000000000000001, "SIMULATION FAILED: tRCD should be OK after wait" {0 0 0};
T_5.6 ;
    %vpi_call/w 3 92 "$display", "tRCD recovered correctly" {0 0 0};
    %vpi_call/w 3 95 "$display", "Test 2: PRE -> tRP" {0 0 0};
    %pushi/vec4 3, 0, 3;
    %store/vec4 v0x5627a41b86b0_0, 0, 3;
    %pushi/vec4 0, 0, 2;
    %store/vec4 v0x5627a41b85d0_0, 0, 2;
    %pushi/vec4 0, 0, 2;
    %store/vec4 v0x5627a41b84f0_0, 0, 2;
    %fork TD_ddr4_timing_engine_tb.send_cmd, S_0x5627a41b8340;
    %join;
    %wait E_0x5627a4154400;
    %load/vec4 v0x5627a41b93d0_0;
    %parti/s 1, 1, 2;
    %cmpi/ne 0, 0, 1;
    %jmp/0xz  T_5.8, 6;
    %vpi_call/w 3 100 "$fatal", 32'sb00000000000000000000000000000001, "SIMULATION FAILED: tRP should be busy after PRE" {0 0 0};
T_5.8 ;
    %pushi/vec4 10, 0, 32;
T_5.10 %dup/vec4;
    %pushi/vec4 0, 0, 32;
    %cmp/s;
    %jmp/1xz T_5.11, 5;
    %jmp/1 T_5.11, 4;
    %pushi/vec4 1, 0, 32;
    %sub;
    %wait E_0x5627a4154400;
    %jmp T_5.10;
T_5.11 ;
    %pop/vec4 1;
    %load/vec4 v0x5627a41b93d0_0;
    %parti/s 1, 1, 2;
    %cmpi/ne 1, 0, 1;
    %jmp/0xz  T_5.12, 6;
    %vpi_call/w 3 104 "$fatal", 32'sb00000000000000000000000000000001, "SIMULATION FAILED: tRP should be OK after wait" {0 0 0};
T_5.12 ;
    %vpi_call/w 3 105 "$display", "tRP recovered correctly" {0 0 0};
    %vpi_call/w 3 108 "$display", "Test 3: REF -> tRFC" {0 0 0};
    %pushi/vec4 2, 0, 3;
    %store/vec4 v0x5627a41b86b0_0, 0, 3;
    %pushi/vec4 0, 0, 2;
    %store/vec4 v0x5627a41b85d0_0, 0, 2;
    %pushi/vec4 0, 0, 2;
    %store/vec4 v0x5627a41b84f0_0, 0, 2;
    %fork TD_ddr4_timing_engine_tb.send_cmd, S_0x5627a41b8340;
    %join;
    %wait E_0x5627a4154400;
    %load/vec4 v0x5627a41b93d0_0;
    %parti/s 1, 13, 5;
    %cmpi/ne 0, 0, 1;
    %jmp/0xz  T_5.14, 6;
    %vpi_call/w 3 113 "$fatal", 32'sb00000000000000000000000000000001, "SIMULATION FAILED: tRFC should be busy after REF" {0 0 0};
T_5.14 ;
    %pushi/vec4 30, 0, 32;
T_5.16 %dup/vec4;
    %pushi/vec4 0, 0, 32;
    %cmp/s;
    %jmp/1xz T_5.17, 5;
    %jmp/1 T_5.17, 4;
    %pushi/vec4 1, 0, 32;
    %sub;
    %wait E_0x5627a4154400;
    %jmp T_5.16;
T_5.17 ;
    %pop/vec4 1;
    %load/vec4 v0x5627a41b93d0_0;
    %parti/s 1, 13, 5;
    %cmpi/ne 1, 0, 1;
    %jmp/0xz  T_5.18, 6;
    %vpi_call/w 3 118 "$fatal", 32'sb00000000000000000000000000000001, "SIMULATION FAILED: tRFC should be OK after wait" {0 0 0};
T_5.18 ;
    %vpi_call/w 3 119 "$display", "tRFC recovered correctly" {0 0 0};
    %vpi_call/w 3 121 "$display", "SIMULATION PASSED" {0 0 0};
    %vpi_call/w 3 122 "$finish" {0 0 0};
    %end;
    .thread T_5;
# The file index is used to find the file name in the following table.
:file_names 5;
    "N/A";
    "<interactive>";
    "-";
    "tb/ddr4_timing_engine_tb.v";
    "rtl/ddr4_timing_engine.v";
