#! /usr/bin/vvp
:ivl_version "12.0 (stable)";
:ivl_delay_selection "TYPICAL";
:vpi_time_precision - 12;
:vpi_module "/usr/lib/x86_64-linux-gnu/ivl/system.vpi";
:vpi_module "/usr/lib/x86_64-linux-gnu/ivl/vhdl_sys.vpi";
:vpi_module "/usr/lib/x86_64-linux-gnu/ivl/vhdl_textio.vpi";
:vpi_module "/usr/lib/x86_64-linux-gnu/ivl/v2005_math.vpi";
:vpi_module "/usr/lib/x86_64-linux-gnu/ivl/va_math.vpi";
:vpi_module "/usr/lib/x86_64-linux-gnu/ivl/v2009.vpi";
S_0x5631acdf6bf0 .scope package, "$unit" "$unit" 2 1;
 .timescale 0 0;
S_0x5631acdf6d80 .scope module, "ddr4_init_fsm_tb" "ddr4_init_fsm_tb" 3 2;
 .timescale -9 -12;
v0x5631ace31e10_0 .var "clk", 0 0;
v0x5631ace31eb0_0 .var/i "cycle_count", 31 0;
v0x5631ace31f70_0 .net "dram_a", 16 0, v0x5631ace30d30_0;  1 drivers
v0x5631ace32010_0 .net "dram_ba", 1 0, v0x5631ace30e10_0;  1 drivers
v0x5631ace320b0_0 .net "dram_bg", 1 0, v0x5631ace30ef0_0;  1 drivers
v0x5631ace321a0_0 .net "dram_cmd_type", 2 0, v0x5631ace30fd0_0;  1 drivers
v0x5631ace32240_0 .net "dram_cmd_valid", 0 0, v0x5631ace310b0_0;  1 drivers
v0x5631ace322e0_0 .net "dram_rank", 1 0, v0x5631ace31170_0;  1 drivers
v0x5631ace32380_0 .net "init_done", 0 0, v0x5631ace31250_0;  1 drivers
v0x5631ace32450_0 .var "mr_data", 16 0;
v0x5631ace32520_0 .net "mr_select", 2 0, v0x5631ace313f0_0;  1 drivers
v0x5631ace325f0_0 .var "rst_n", 0 0;
v0x5631ace326c0_0 .var "saw_mrs", 0 0;
v0x5631ace32760_0 .var "start", 0 0;
E_0x5631acdf7a40 .event negedge, v0x5631ace30c70_0;
S_0x5631acdb6490 .scope module, "dut" "ddr4_init_fsm" 3 17, 4 3 0, S_0x5631acdf6d80;
 .timescale -9 -12;
    .port_info 0 /INPUT 1 "clk";
    .port_info 1 /INPUT 1 "rst_n";
    .port_info 2 /INPUT 1 "start";
    .port_info 3 /OUTPUT 1 "dram_cmd_valid";
    .port_info 4 /OUTPUT 3 "dram_cmd_type";
    .port_info 5 /OUTPUT 2 "dram_rank";
    .port_info 6 /OUTPUT 17 "dram_a";
    .port_info 7 /OUTPUT 2 "dram_bg";
    .port_info 8 /OUTPUT 2 "dram_ba";
    .port_info 9 /OUTPUT 3 "mr_select";
    .port_info 10 /INPUT 17 "mr_data";
    .port_info 11 /OUTPUT 1 "init_done";
P_0x5631ace10790 .param/l "CMD_MRS" 1 4 44, C4<001>;
P_0x5631ace107d0 .param/l "CMD_NOP" 1 4 43, C4<000>;
P_0x5631ace10810 .param/l "CMD_ZQCL" 1 4 45, C4<111>;
P_0x5631ace10850 .param/l "RESET_WAIT" 0 4 4, +C4<00000000000000000000000000001010>;
P_0x5631ace10890 .param/l "S_CKE_ASSERT" 1 4 28, C4<0011>;
P_0x5631ace108d0 .param/l "S_IDLE" 1 4 25, C4<0000>;
P_0x5631ace10910 .param/l "S_INIT_DONE" 1 4 37, C4<1100>;
P_0x5631ace10950 .param/l "S_MRS_MR0" 1 4 35, C4<1010>;
P_0x5631ace10990 .param/l "S_MRS_MR1" 1 4 34, C4<1001>;
P_0x5631ace109d0 .param/l "S_MRS_MR2" 1 4 33, C4<1000>;
P_0x5631ace10a10 .param/l "S_MRS_MR3" 1 4 29, C4<0100>;
P_0x5631ace10a50 .param/l "S_MRS_MR4" 1 4 32, C4<0111>;
P_0x5631ace10a90 .param/l "S_MRS_MR5" 1 4 31, C4<0110>;
P_0x5631ace10ad0 .param/l "S_MRS_MR6" 1 4 30, C4<0101>;
P_0x5631ace10b10 .param/l "S_RESET_ASSERT" 1 4 26, C4<0001>;
P_0x5631ace10b50 .param/l "S_RESET_DEASSERT" 1 4 27, C4<0010>;
P_0x5631ace10b90 .param/l "S_ZQCL" 1 4 36, C4<1011>;
P_0x5631ace10bd0 .param/l "ZQCL_WAIT_CYCLES" 0 4 5, +C4<00000000000000000000000000001010>;
L_0x5631acde0be0 .functor OR 1, L_0x5631ace32860, L_0x5631ace32960, C4<0>, C4<0>;
L_0x5631ace0c080 .functor OR 1, L_0x5631acde0be0, L_0x5631ace32b70, C4<0>, C4<0>;
L_0x5631ace0c3b0 .functor OR 1, L_0x5631ace0c080, L_0x5631ace32d00, C4<0>, C4<0>;
L_0x5631ace0d990 .functor OR 1, L_0x5631ace0c3b0, L_0x5631ace32f50, C4<0>, C4<0>;
L_0x5631ace0ca70 .functor OR 1, L_0x5631ace0d990, L_0x5631ace33110, C4<0>, C4<0>;
L_0x5631acdf9f40 .functor OR 1, L_0x5631ace0ca70, L_0x5631ace332e0, C4<0>, C4<0>;
L_0x7ff15d09d018 .functor BUFT 1, C4<1010>, C4<0>, C4<0>, C4<0>;
v0x5631ace0c1e0_0 .net/2u *"_ivl_0", 3 0, L_0x7ff15d09d018;  1 drivers
L_0x7ff15d09d0a8 .functor BUFT 1, C4<1000>, C4<0>, C4<0>, C4<0>;
v0x5631ace0c510_0 .net/2u *"_ivl_10", 3 0, L_0x7ff15d09d0a8;  1 drivers
v0x5631ace0e570_0 .net *"_ivl_12", 0 0, L_0x5631ace32b70;  1 drivers
v0x5631ace0cbd0_0 .net *"_ivl_15", 0 0, L_0x5631ace0c080;  1 drivers
L_0x7ff15d09d0f0 .functor BUFT 1, C4<0100>, C4<0>, C4<0>, C4<0>;
v0x5631ace30040_0 .net/2u *"_ivl_16", 3 0, L_0x7ff15d09d0f0;  1 drivers
v0x5631ace30170_0 .net *"_ivl_18", 0 0, L_0x5631ace32d00;  1 drivers
v0x5631ace30230_0 .net *"_ivl_2", 0 0, L_0x5631ace32860;  1 drivers
v0x5631ace302f0_0 .net *"_ivl_21", 0 0, L_0x5631ace0c3b0;  1 drivers
L_0x7ff15d09d138 .functor BUFT 1, C4<0111>, C4<0>, C4<0>, C4<0>;
v0x5631ace303b0_0 .net/2u *"_ivl_22", 3 0, L_0x7ff15d09d138;  1 drivers
v0x5631ace30490_0 .net *"_ivl_24", 0 0, L_0x5631ace32f50;  1 drivers
v0x5631ace30550_0 .net *"_ivl_27", 0 0, L_0x5631ace0d990;  1 drivers
L_0x7ff15d09d180 .functor BUFT 1, C4<0110>, C4<0>, C4<0>, C4<0>;
v0x5631ace30610_0 .net/2u *"_ivl_28", 3 0, L_0x7ff15d09d180;  1 drivers
v0x5631ace306f0_0 .net *"_ivl_30", 0 0, L_0x5631ace33110;  1 drivers
v0x5631ace307b0_0 .net *"_ivl_33", 0 0, L_0x5631ace0ca70;  1 drivers
L_0x7ff15d09d1c8 .functor BUFT 1, C4<0101>, C4<0>, C4<0>, C4<0>;
v0x5631ace30870_0 .net/2u *"_ivl_34", 3 0, L_0x7ff15d09d1c8;  1 drivers
v0x5631ace30950_0 .net *"_ivl_36", 0 0, L_0x5631ace332e0;  1 drivers
L_0x7ff15d09d060 .functor BUFT 1, C4<1001>, C4<0>, C4<0>, C4<0>;
v0x5631ace30a10_0 .net/2u *"_ivl_4", 3 0, L_0x7ff15d09d060;  1 drivers
v0x5631ace30af0_0 .net *"_ivl_6", 0 0, L_0x5631ace32960;  1 drivers
v0x5631ace30bb0_0 .net *"_ivl_9", 0 0, L_0x5631acde0be0;  1 drivers
v0x5631ace30c70_0 .net "clk", 0 0, v0x5631ace31e10_0;  1 drivers
v0x5631ace30d30_0 .var "dram_a", 16 0;
v0x5631ace30e10_0 .var "dram_ba", 1 0;
v0x5631ace30ef0_0 .var "dram_bg", 1 0;
v0x5631ace30fd0_0 .var "dram_cmd_type", 2 0;
v0x5631ace310b0_0 .var "dram_cmd_valid", 0 0;
v0x5631ace31170_0 .var "dram_rank", 1 0;
v0x5631ace31250_0 .var "init_done", 0 0;
v0x5631ace31310_0 .net "mr_data", 16 0, v0x5631ace32450_0;  1 drivers
v0x5631ace313f0_0 .var "mr_select", 2 0;
v0x5631ace314d0_0 .net "mrs_state", 0 0, L_0x5631acdf9f40;  1 drivers
v0x5631ace31590_0 .net "rst_n", 0 0, v0x5631ace325f0_0;  1 drivers
v0x5631ace31650_0 .net "start", 0 0, v0x5631ace32760_0;  1 drivers
v0x5631ace31710_0 .var "state", 3 0;
v0x5631ace31a00_0 .var "wait_cnt", 9 0;
E_0x5631acdfb5b0 .event anyedge, v0x5631ace31710_0, v0x5631ace313f0_0, v0x5631ace31310_0, v0x5631ace31a00_0;
E_0x5631acdfba60 .event posedge, v0x5631ace30c70_0;
L_0x5631ace32860 .cmp/eq 4, v0x5631ace31710_0, L_0x7ff15d09d018;
L_0x5631ace32960 .cmp/eq 4, v0x5631ace31710_0, L_0x7ff15d09d060;
L_0x5631ace32b70 .cmp/eq 4, v0x5631ace31710_0, L_0x7ff15d09d0a8;
L_0x5631ace32d00 .cmp/eq 4, v0x5631ace31710_0, L_0x7ff15d09d0f0;
L_0x5631ace32f50 .cmp/eq 4, v0x5631ace31710_0, L_0x7ff15d09d138;
L_0x5631ace33110 .cmp/eq 4, v0x5631ace31710_0, L_0x7ff15d09d180;
L_0x5631ace332e0 .cmp/eq 4, v0x5631ace31710_0, L_0x7ff15d09d1c8;
S_0x5631acdb6670 .scope function.vec4.s3, "state_to_mr" "state_to_mr" 4 110, 4 110 0, S_0x5631acdb6490;
 .timescale -9 -12;
v0x5631ace0bcc0_0 .var "s", 3 0;
; Variable state_to_mr is vec4 return value of scope S_0x5631acdb6670
TD_ddr4_init_fsm_tb.dut.state_to_mr ;
    %load/vec4 v0x5631ace0bcc0_0;
    %dup/vec4;
    %pushi/vec4 10, 0, 4;
    %cmp/u;
    %jmp/1 T_0.0, 6;
    %dup/vec4;
    %pushi/vec4 9, 0, 4;
    %cmp/u;
    %jmp/1 T_0.1, 6;
    %dup/vec4;
    %pushi/vec4 8, 0, 4;
    %cmp/u;
    %jmp/1 T_0.2, 6;
    %dup/vec4;
    %pushi/vec4 4, 0, 4;
    %cmp/u;
    %jmp/1 T_0.3, 6;
    %dup/vec4;
    %pushi/vec4 7, 0, 4;
    %cmp/u;
    %jmp/1 T_0.4, 6;
    %dup/vec4;
    %pushi/vec4 6, 0, 4;
    %cmp/u;
    %jmp/1 T_0.5, 6;
    %dup/vec4;
    %pushi/vec4 5, 0, 4;
    %cmp/u;
    %jmp/1 T_0.6, 6;
    %pushi/vec4 0, 0, 3;
    %ret/vec4 0, 0, 3;  Assign to state_to_mr (store_vec4_to_lval)
    %jmp T_0.8;
T_0.0 ;
    %pushi/vec4 0, 0, 3;
    %ret/vec4 0, 0, 3;  Assign to state_to_mr (store_vec4_to_lval)
    %jmp T_0.8;
T_0.1 ;
    %pushi/vec4 1, 0, 3;
    %ret/vec4 0, 0, 3;  Assign to state_to_mr (store_vec4_to_lval)
    %jmp T_0.8;
T_0.2 ;
    %pushi/vec4 2, 0, 3;
    %ret/vec4 0, 0, 3;  Assign to state_to_mr (store_vec4_to_lval)
    %jmp T_0.8;
T_0.3 ;
    %pushi/vec4 3, 0, 3;
    %ret/vec4 0, 0, 3;  Assign to state_to_mr (store_vec4_to_lval)
    %jmp T_0.8;
T_0.4 ;
    %pushi/vec4 4, 0, 3;
    %ret/vec4 0, 0, 3;  Assign to state_to_mr (store_vec4_to_lval)
    %jmp T_0.8;
T_0.5 ;
    %pushi/vec4 5, 0, 3;
    %ret/vec4 0, 0, 3;  Assign to state_to_mr (store_vec4_to_lval)
    %jmp T_0.8;
T_0.6 ;
    %pushi/vec4 6, 0, 3;
    %ret/vec4 0, 0, 3;  Assign to state_to_mr (store_vec4_to_lval)
    %jmp T_0.8;
T_0.8 ;
    %pop/vec4 1;
    %end;
S_0x5631ace31c60 .scope begin, "wait_done" "wait_done" 3 64, 3 64 0, S_0x5631acdf6d80;
 .timescale -9 -12;
    .scope S_0x5631acdb6490;
T_1 ;
    %wait E_0x5631acdfba60;
    %load/vec4 v0x5631ace31590_0;
    %nor/r;
    %flag_set/vec4 8;
    %jmp/0xz  T_1.0, 8;
    %pushi/vec4 0, 0, 4;
    %assign/vec4 v0x5631ace31710_0, 0;
    %pushi/vec4 0, 0, 10;
    %assign/vec4 v0x5631ace31a00_0, 0;
    %jmp T_1.1;
T_1.0 ;
    %load/vec4 v0x5631ace31710_0;
    %dup/vec4;
    %pushi/vec4 0, 0, 4;
    %cmp/u;
    %jmp/1 T_1.2, 6;
    %dup/vec4;
    %pushi/vec4 1, 0, 4;
    %cmp/u;
    %jmp/1 T_1.3, 6;
    %dup/vec4;
    %pushi/vec4 2, 0, 4;
    %cmp/u;
    %jmp/1 T_1.4, 6;
    %dup/vec4;
    %pushi/vec4 3, 0, 4;
    %cmp/u;
    %jmp/1 T_1.5, 6;
    %dup/vec4;
    %pushi/vec4 4, 0, 4;
    %cmp/u;
    %jmp/1 T_1.6, 6;
    %dup/vec4;
    %pushi/vec4 5, 0, 4;
    %cmp/u;
    %jmp/1 T_1.7, 6;
    %dup/vec4;
    %pushi/vec4 6, 0, 4;
    %cmp/u;
    %jmp/1 T_1.8, 6;
    %dup/vec4;
    %pushi/vec4 7, 0, 4;
    %cmp/u;
    %jmp/1 T_1.9, 6;
    %dup/vec4;
    %pushi/vec4 8, 0, 4;
    %cmp/u;
    %jmp/1 T_1.10, 6;
    %dup/vec4;
    %pushi/vec4 9, 0, 4;
    %cmp/u;
    %jmp/1 T_1.11, 6;
    %dup/vec4;
    %pushi/vec4 10, 0, 4;
    %cmp/u;
    %jmp/1 T_1.12, 6;
    %dup/vec4;
    %pushi/vec4 11, 0, 4;
    %cmp/u;
    %jmp/1 T_1.13, 6;
    %dup/vec4;
    %pushi/vec4 12, 0, 4;
    %cmp/u;
    %jmp/1 T_1.14, 6;
    %pushi/vec4 0, 0, 4;
    %assign/vec4 v0x5631ace31710_0, 0;
    %jmp T_1.16;
T_1.2 ;
    %load/vec4 v0x5631ace31650_0;
    %flag_set/vec4 8;
    %jmp/0xz  T_1.17, 8;
    %pushi/vec4 1, 0, 4;
    %assign/vec4 v0x5631ace31710_0, 0;
    %pushi/vec4 9, 0, 10;
    %assign/vec4 v0x5631ace31a00_0, 0;
T_1.17 ;
    %jmp T_1.16;
T_1.3 ;
    %load/vec4 v0x5631ace31a00_0;
    %pad/u 32;
    %cmpi/e 0, 0, 32;
    %jmp/0xz  T_1.19, 4;
    %pushi/vec4 2, 0, 4;
    %assign/vec4 v0x5631ace31710_0, 0;
    %jmp T_1.20;
T_1.19 ;
    %load/vec4 v0x5631ace31a00_0;
    %subi 1, 0, 10;
    %assign/vec4 v0x5631ace31a00_0, 0;
T_1.20 ;
    %jmp T_1.16;
T_1.4 ;
    %load/vec4 v0x5631ace31a00_0;
    %pad/u 32;
    %cmpi/e 0, 0, 32;
    %jmp/0xz  T_1.21, 4;
    %pushi/vec4 3, 0, 4;
    %assign/vec4 v0x5631ace31710_0, 0;
    %pushi/vec4 9, 0, 10;
    %assign/vec4 v0x5631ace31a00_0, 0;
    %jmp T_1.22;
T_1.21 ;
    %load/vec4 v0x5631ace31a00_0;
    %subi 1, 0, 10;
    %assign/vec4 v0x5631ace31a00_0, 0;
T_1.22 ;
    %jmp T_1.16;
T_1.5 ;
    %load/vec4 v0x5631ace31a00_0;
    %pad/u 32;
    %cmpi/e 0, 0, 32;
    %jmp/0xz  T_1.23, 4;
    %pushi/vec4 4, 0, 4;
    %assign/vec4 v0x5631ace31710_0, 0;
    %jmp T_1.24;
T_1.23 ;
    %load/vec4 v0x5631ace31a00_0;
    %subi 1, 0, 10;
    %assign/vec4 v0x5631ace31a00_0, 0;
T_1.24 ;
    %jmp T_1.16;
T_1.6 ;
    %pushi/vec4 5, 0, 4;
    %assign/vec4 v0x5631ace31710_0, 0;
    %jmp T_1.16;
T_1.7 ;
    %pushi/vec4 6, 0, 4;
    %assign/vec4 v0x5631ace31710_0, 0;
    %jmp T_1.16;
T_1.8 ;
    %pushi/vec4 7, 0, 4;
    %assign/vec4 v0x5631ace31710_0, 0;
    %jmp T_1.16;
T_1.9 ;
    %pushi/vec4 8, 0, 4;
    %assign/vec4 v0x5631ace31710_0, 0;
    %jmp T_1.16;
T_1.10 ;
    %pushi/vec4 9, 0, 4;
    %assign/vec4 v0x5631ace31710_0, 0;
    %jmp T_1.16;
T_1.11 ;
    %pushi/vec4 10, 0, 4;
    %assign/vec4 v0x5631ace31710_0, 0;
    %jmp T_1.16;
T_1.12 ;
    %pushi/vec4 11, 0, 4;
    %assign/vec4 v0x5631ace31710_0, 0;
    %pushi/vec4 9, 0, 10;
    %assign/vec4 v0x5631ace31a00_0, 0;
    %jmp T_1.16;
T_1.13 ;
    %load/vec4 v0x5631ace31a00_0;
    %pad/u 32;
    %cmpi/e 0, 0, 32;
    %jmp/0xz  T_1.25, 4;
    %pushi/vec4 12, 0, 4;
    %assign/vec4 v0x5631ace31710_0, 0;
    %jmp T_1.26;
T_1.25 ;
    %load/vec4 v0x5631ace31a00_0;
    %subi 1, 0, 10;
    %assign/vec4 v0x5631ace31a00_0, 0;
T_1.26 ;
    %jmp T_1.16;
T_1.14 ;
    %pushi/vec4 12, 0, 4;
    %assign/vec4 v0x5631ace31710_0, 0;
    %jmp T_1.16;
T_1.16 ;
    %pop/vec4 1;
T_1.1 ;
    %jmp T_1;
    .thread T_1;
    .scope S_0x5631acdb6490;
T_2 ;
    %wait E_0x5631acdfb5b0;
    %pushi/vec4 0, 0, 1;
    %store/vec4 v0x5631ace310b0_0, 0, 1;
    %pushi/vec4 0, 0, 3;
    %store/vec4 v0x5631ace30fd0_0, 0, 3;
    %pushi/vec4 0, 0, 2;
    %store/vec4 v0x5631ace31170_0, 0, 2;
    %pushi/vec4 0, 0, 17;
    %store/vec4 v0x5631ace30d30_0, 0, 17;
    %pushi/vec4 0, 0, 2;
    %store/vec4 v0x5631ace30ef0_0, 0, 2;
    %pushi/vec4 0, 0, 2;
    %store/vec4 v0x5631ace30e10_0, 0, 2;
    %pushi/vec4 0, 0, 3;
    %store/vec4 v0x5631ace313f0_0, 0, 3;
    %pushi/vec4 0, 0, 1;
    %store/vec4 v0x5631ace31250_0, 0, 1;
    %load/vec4 v0x5631ace31710_0;
    %dup/vec4;
    %pushi/vec4 10, 0, 4;
    %cmp/u;
    %jmp/1 T_2.0, 6;
    %dup/vec4;
    %pushi/vec4 9, 0, 4;
    %cmp/u;
    %jmp/1 T_2.1, 6;
    %dup/vec4;
    %pushi/vec4 8, 0, 4;
    %cmp/u;
    %jmp/1 T_2.2, 6;
    %dup/vec4;
    %pushi/vec4 4, 0, 4;
    %cmp/u;
    %jmp/1 T_2.3, 6;
    %dup/vec4;
    %pushi/vec4 7, 0, 4;
    %cmp/u;
    %jmp/1 T_2.4, 6;
    %dup/vec4;
    %pushi/vec4 6, 0, 4;
    %cmp/u;
    %jmp/1 T_2.5, 6;
    %dup/vec4;
    %pushi/vec4 5, 0, 4;
    %cmp/u;
    %jmp/1 T_2.6, 6;
    %dup/vec4;
    %pushi/vec4 11, 0, 4;
    %cmp/u;
    %jmp/1 T_2.7, 6;
    %dup/vec4;
    %pushi/vec4 12, 0, 4;
    %cmp/u;
    %jmp/1 T_2.8, 6;
    %jmp T_2.10;
T_2.0 ;
    %pushi/vec4 1, 0, 1;
    %store/vec4 v0x5631ace310b0_0, 0, 1;
    %pushi/vec4 1, 0, 3;
    %store/vec4 v0x5631ace30fd0_0, 0, 3;
    %load/vec4 v0x5631ace31710_0;
    %store/vec4 v0x5631ace0bcc0_0, 0, 4;
    %callf/vec4 TD_ddr4_init_fsm_tb.dut.state_to_mr, S_0x5631acdb6670;
    %store/vec4 v0x5631ace313f0_0, 0, 3;
    %pushi/vec4 0, 0, 1;
    %load/vec4 v0x5631ace313f0_0;
    %parti/s 1, 2, 3;
    %concat/vec4; draw_concat_vec4
    %store/vec4 v0x5631ace30ef0_0, 0, 2;
    %load/vec4 v0x5631ace313f0_0;
    %parti/s 2, 0, 2;
    %store/vec4 v0x5631ace30e10_0, 0, 2;
    %load/vec4 v0x5631ace31310_0;
    %store/vec4 v0x5631ace30d30_0, 0, 17;
    %jmp T_2.10;
T_2.1 ;
    %pushi/vec4 1, 0, 1;
    %store/vec4 v0x5631ace310b0_0, 0, 1;
    %pushi/vec4 1, 0, 3;
    %store/vec4 v0x5631ace30fd0_0, 0, 3;
    %load/vec4 v0x5631ace31710_0;
    %store/vec4 v0x5631ace0bcc0_0, 0, 4;
    %callf/vec4 TD_ddr4_init_fsm_tb.dut.state_to_mr, S_0x5631acdb6670;
    %store/vec4 v0x5631ace313f0_0, 0, 3;
    %pushi/vec4 0, 0, 1;
    %load/vec4 v0x5631ace313f0_0;
    %parti/s 1, 2, 3;
    %concat/vec4; draw_concat_vec4
    %store/vec4 v0x5631ace30ef0_0, 0, 2;
    %load/vec4 v0x5631ace313f0_0;
    %parti/s 2, 0, 2;
    %store/vec4 v0x5631ace30e10_0, 0, 2;
    %load/vec4 v0x5631ace31310_0;
    %store/vec4 v0x5631ace30d30_0, 0, 17;
    %jmp T_2.10;
T_2.2 ;
    %pushi/vec4 1, 0, 1;
    %store/vec4 v0x5631ace310b0_0, 0, 1;
    %pushi/vec4 1, 0, 3;
    %store/vec4 v0x5631ace30fd0_0, 0, 3;
    %load/vec4 v0x5631ace31710_0;
    %store/vec4 v0x5631ace0bcc0_0, 0, 4;
    %callf/vec4 TD_ddr4_init_fsm_tb.dut.state_to_mr, S_0x5631acdb6670;
    %store/vec4 v0x5631ace313f0_0, 0, 3;
    %pushi/vec4 0, 0, 1;
    %load/vec4 v0x5631ace313f0_0;
    %parti/s 1, 2, 3;
    %concat/vec4; draw_concat_vec4
    %store/vec4 v0x5631ace30ef0_0, 0, 2;
    %load/vec4 v0x5631ace313f0_0;
    %parti/s 2, 0, 2;
    %store/vec4 v0x5631ace30e10_0, 0, 2;
    %load/vec4 v0x5631ace31310_0;
    %store/vec4 v0x5631ace30d30_0, 0, 17;
    %jmp T_2.10;
T_2.3 ;
    %pushi/vec4 1, 0, 1;
    %store/vec4 v0x5631ace310b0_0, 0, 1;
    %pushi/vec4 1, 0, 3;
    %store/vec4 v0x5631ace30fd0_0, 0, 3;
    %load/vec4 v0x5631ace31710_0;
    %store/vec4 v0x5631ace0bcc0_0, 0, 4;
    %callf/vec4 TD_ddr4_init_fsm_tb.dut.state_to_mr, S_0x5631acdb6670;
    %store/vec4 v0x5631ace313f0_0, 0, 3;
    %pushi/vec4 0, 0, 1;
    %load/vec4 v0x5631ace313f0_0;
    %parti/s 1, 2, 3;
    %concat/vec4; draw_concat_vec4
    %store/vec4 v0x5631ace30ef0_0, 0, 2;
    %load/vec4 v0x5631ace313f0_0;
    %parti/s 2, 0, 2;
    %store/vec4 v0x5631ace30e10_0, 0, 2;
    %load/vec4 v0x5631ace31310_0;
    %store/vec4 v0x5631ace30d30_0, 0, 17;
    %jmp T_2.10;
T_2.4 ;
    %pushi/vec4 1, 0, 1;
    %store/vec4 v0x5631ace310b0_0, 0, 1;
    %pushi/vec4 1, 0, 3;
    %store/vec4 v0x5631ace30fd0_0, 0, 3;
    %load/vec4 v0x5631ace31710_0;
    %store/vec4 v0x5631ace0bcc0_0, 0, 4;
    %callf/vec4 TD_ddr4_init_fsm_tb.dut.state_to_mr, S_0x5631acdb6670;
    %store/vec4 v0x5631ace313f0_0, 0, 3;
    %pushi/vec4 0, 0, 1;
    %load/vec4 v0x5631ace313f0_0;
    %parti/s 1, 2, 3;
    %concat/vec4; draw_concat_vec4
    %store/vec4 v0x5631ace30ef0_0, 0, 2;
    %load/vec4 v0x5631ace313f0_0;
    %parti/s 2, 0, 2;
    %store/vec4 v0x5631ace30e10_0, 0, 2;
    %load/vec4 v0x5631ace31310_0;
    %store/vec4 v0x5631ace30d30_0, 0, 17;
    %jmp T_2.10;
T_2.5 ;
    %pushi/vec4 1, 0, 1;
    %store/vec4 v0x5631ace310b0_0, 0, 1;
    %pushi/vec4 1, 0, 3;
    %store/vec4 v0x5631ace30fd0_0, 0, 3;
    %load/vec4 v0x5631ace31710_0;
    %store/vec4 v0x5631ace0bcc0_0, 0, 4;
    %callf/vec4 TD_ddr4_init_fsm_tb.dut.state_to_mr, S_0x5631acdb6670;
    %store/vec4 v0x5631ace313f0_0, 0, 3;
    %pushi/vec4 0, 0, 1;
    %load/vec4 v0x5631ace313f0_0;
    %parti/s 1, 2, 3;
    %concat/vec4; draw_concat_vec4
    %store/vec4 v0x5631ace30ef0_0, 0, 2;
    %load/vec4 v0x5631ace313f0_0;
    %parti/s 2, 0, 2;
    %store/vec4 v0x5631ace30e10_0, 0, 2;
    %load/vec4 v0x5631ace31310_0;
    %store/vec4 v0x5631ace30d30_0, 0, 17;
    %jmp T_2.10;
T_2.6 ;
    %pushi/vec4 1, 0, 1;
    %store/vec4 v0x5631ace310b0_0, 0, 1;
    %pushi/vec4 1, 0, 3;
    %store/vec4 v0x5631ace30fd0_0, 0, 3;
    %load/vec4 v0x5631ace31710_0;
    %store/vec4 v0x5631ace0bcc0_0, 0, 4;
    %callf/vec4 TD_ddr4_init_fsm_tb.dut.state_to_mr, S_0x5631acdb6670;
    %store/vec4 v0x5631ace313f0_0, 0, 3;
    %pushi/vec4 0, 0, 1;
    %load/vec4 v0x5631ace313f0_0;
    %parti/s 1, 2, 3;
    %concat/vec4; draw_concat_vec4
    %store/vec4 v0x5631ace30ef0_0, 0, 2;
    %load/vec4 v0x5631ace313f0_0;
    %parti/s 2, 0, 2;
    %store/vec4 v0x5631ace30e10_0, 0, 2;
    %load/vec4 v0x5631ace31310_0;
    %store/vec4 v0x5631ace30d30_0, 0, 17;
    %jmp T_2.10;
T_2.7 ;
    %load/vec4 v0x5631ace31a00_0;
    %pad/u 32;
    %pushi/vec4 9, 0, 32;
    %cmp/e;
    %flag_get/vec4 4;
    %store/vec4 v0x5631ace310b0_0, 0, 1;
    %pushi/vec4 7, 0, 3;
    %store/vec4 v0x5631ace30fd0_0, 0, 3;
    %jmp T_2.10;
T_2.8 ;
    %pushi/vec4 1, 0, 1;
    %store/vec4 v0x5631ace31250_0, 0, 1;
    %jmp T_2.10;
T_2.10 ;
    %pop/vec4 1;
    %jmp T_2;
    .thread T_2, $push;
    .scope S_0x5631acdf6d80;
T_3 ;
    %pushi/vec4 0, 0, 1;
    %store/vec4 v0x5631ace31e10_0, 0, 1;
    %end;
    .thread T_3;
    .scope S_0x5631acdf6d80;
T_4 ;
    %delay 5000, 0;
    %load/vec4 v0x5631ace31e10_0;
    %inv;
    %store/vec4 v0x5631ace31e10_0, 0, 1;
    %jmp T_4;
    .thread T_4;
    .scope S_0x5631acdf6d80;
T_5 ;
    %vpi_call/w 3 36 "$dumpfile", "results/phase-core-ctrl/ddr4_init_fsm.vcd" {0 0 0};
    %vpi_call/w 3 37 "$dumpvars", 32'sb00000000000000000000000000000000, S_0x5631acdf6d80 {0 0 0};
    %end;
    .thread T_5;
    .scope S_0x5631acdf6d80;
T_6 ;
    %pushi/vec4 0, 0, 1;
    %store/vec4 v0x5631ace325f0_0, 0, 1;
    %pushi/vec4 0, 0, 1;
    %store/vec4 v0x5631ace32760_0, 0, 1;
    %pushi/vec4 107941, 0, 17;
    %store/vec4 v0x5631ace32450_0, 0, 17;
    %pushi/vec4 0, 0, 1;
    %store/vec4 v0x5631ace326c0_0, 0, 1;
    %pushi/vec4 0, 0, 32;
    %store/vec4 v0x5631ace31eb0_0, 0, 32;
    %pushi/vec4 5, 0, 32;
T_6.0 %dup/vec4;
    %pushi/vec4 0, 0, 32;
    %cmp/s;
    %jmp/1xz T_6.1, 5;
    %jmp/1 T_6.1, 4;
    %pushi/vec4 1, 0, 32;
    %sub;
    %wait E_0x5631acdfba60;
    %jmp T_6.0;
T_6.1 ;
    %pop/vec4 1;
    %wait E_0x5631acdf7a40;
    %pushi/vec4 1, 0, 1;
    %store/vec4 v0x5631ace325f0_0, 0, 1;
    %wait E_0x5631acdf7a40;
    %pushi/vec4 1, 0, 1;
    %store/vec4 v0x5631ace32760_0, 0, 1;
    %wait E_0x5631acdfba60;
    %wait E_0x5631acdf7a40;
    %pushi/vec4 0, 0, 1;
    %store/vec4 v0x5631ace32760_0, 0, 1;
    %fork t_1, S_0x5631ace31c60;
    %jmp t_0;
    .scope S_0x5631ace31c60;
t_1 ;
T_6.2 ;
    %load/vec4 v0x5631ace32380_0;
    %nor/r;
    %flag_set/vec4 8;
    %jmp/0xz T_6.3, 8;
    %wait E_0x5631acdfba60;
    %load/vec4 v0x5631ace31eb0_0;
    %addi 1, 0, 32;
    %store/vec4 v0x5631ace31eb0_0, 0, 32;
    %load/vec4 v0x5631ace32240_0;
    %flag_set/vec4 9;
    %flag_get/vec4 9;
    %jmp/0 T_6.6, 9;
    %load/vec4 v0x5631ace321a0_0;
    %pushi/vec4 1, 0, 3;
    %cmp/e;
    %flag_get/vec4 4;
    %and;
T_6.6;
    %flag_set/vec4 8;
    %jmp/0xz  T_6.4, 8;
    %pushi/vec4 1, 0, 1;
    %store/vec4 v0x5631ace326c0_0, 0, 1;
T_6.4 ;
    %load/vec4 v0x5631ace31eb0_0;
    %cmpi/s 500, 0, 32;
    %flag_inv 5; GE is !LT
    %jmp/0xz  T_6.7, 5;
    %vpi_call/w 3 71 "$display", "TIMEOUT: init_done not asserted within 500 cycles" {0 0 0};
    %vpi_call/w 3 72 "$fatal", 32'sb00000000000000000000000000000001, "SIMULATION FAILED: init_done timeout" {0 0 0};
T_6.7 ;
    %jmp T_6.2;
T_6.3 ;
    %end;
    .scope S_0x5631acdf6d80;
t_0 %join;
    %load/vec4 v0x5631ace326c0_0;
    %nor/r;
    %flag_set/vec4 8;
    %jmp/0xz  T_6.9, 8;
    %vpi_call/w 3 80 "$fatal", 32'sb00000000000000000000000000000001, "SIMULATION FAILED: no MRS command observed" {0 0 0};
T_6.9 ;
    %wait E_0x5631acdfba60;
    %load/vec4 v0x5631ace32380_0;
    %nor/r;
    %flag_set/vec4 8;
    %jmp/0xz  T_6.11, 8;
    %vpi_call/w 3 86 "$fatal", 32'sb00000000000000000000000000000001, "SIMULATION FAILED: init_done deasserted unexpectedly" {0 0 0};
T_6.11 ;
    %vpi_call/w 3 88 "$display", "init_done asserted after %0d cycles", v0x5631ace31eb0_0 {0 0 0};
    %vpi_call/w 3 89 "$display", "SIMULATION PASSED" {0 0 0};
    %vpi_call/w 3 90 "$finish" {0 0 0};
    %end;
    .thread T_6;
# The file index is used to find the file name in the following table.
:file_names 5;
    "N/A";
    "<interactive>";
    "-";
    "tb/ddr4_init_fsm_tb.v";
    "rtl/ddr4_init_fsm.v";
