#! /usr/bin/vvp
:ivl_version "12.0 (stable)";
:ivl_delay_selection "TYPICAL";
:vpi_time_precision - 12;
:vpi_module "/usr/lib/x86_64-linux-gnu/ivl/system.vpi";
:vpi_module "/usr/lib/x86_64-linux-gnu/ivl/vhdl_sys.vpi";
:vpi_module "/usr/lib/x86_64-linux-gnu/ivl/vhdl_textio.vpi";
:vpi_module "/usr/lib/x86_64-linux-gnu/ivl/v2005_math.vpi";
:vpi_module "/usr/lib/x86_64-linux-gnu/ivl/va_math.vpi";
:vpi_module "/usr/lib/x86_64-linux-gnu/ivl/v2009.vpi";
S_0x5646b7279690 .scope package, "$unit" "$unit" 2 1;
 .timescale 0 0;
S_0x5646b728a610 .scope module, "ddr4_mode_reg_tb" "ddr4_mode_reg_tb" 3 2;
 .timescale -9 -12;
v0x5646b72b9ed0_0 .var "cfg_al", 1 0;
v0x5646b72b9fb0_0 .var "cfg_ca_parity_en", 0 0;
v0x5646b72ba050_0 .var "cfg_cl", 4 0;
v0x5646b72ba0f0_0 .var "cfg_cwl", 4 0;
v0x5646b72ba190_0 .var "cfg_dbi_rd_en", 0 0;
v0x5646b72ba280_0 .var "cfg_dbi_wr_en", 0 0;
v0x5646b72ba350_0 .var "cfg_drive_strength", 1 0;
v0x5646b72ba420_0 .var "cfg_rtt_nom", 2 0;
v0x5646b72ba4f0_0 .var "cfg_rtt_park", 2 0;
v0x5646b72ba5c0_0 .var "cfg_rtt_wr", 2 0;
v0x5646b72ba690_0 .var "cfg_wr_recovery", 3 0;
v0x5646b72ba760_0 .var "clk", 0 0;
v0x5646b72ba830_0 .var "data0", 16 0;
v0x5646b72ba8d0_0 .var "data1", 16 0;
v0x5646b72ba970_0 .var "data2", 16 0;
v0x5646b72baa10_0 .var "data3", 16 0;
v0x5646b72baaf0_0 .var "data4", 16 0;
v0x5646b72babd0_0 .var "data5", 16 0;
v0x5646b72bacb0_0 .var "data6", 16 0;
v0x5646b72bad90_0 .net "mr_data", 16 0, v0x5646b72b9700_0;  1 drivers
v0x5646b72bae80_0 .var "mr_select", 2 0;
v0x5646b72baf50_0 .var "rst_n", 0 0;
E_0x5646b728eeb0 .event posedge, v0x5646b72b8f40_0;
S_0x5646b728a7a0 .scope module, "dut" "ddr4_mode_reg" 3 14, 4 3 0, S_0x5646b728a610;
 .timescale -9 -12;
    .port_info 0 /INPUT 1 "clk";
    .port_info 1 /INPUT 1 "rst_n";
    .port_info 2 /INPUT 5 "cfg_cl";
    .port_info 3 /INPUT 5 "cfg_cwl";
    .port_info 4 /INPUT 2 "cfg_al";
    .port_info 5 /INPUT 3 "cfg_rtt_nom";
    .port_info 6 /INPUT 3 "cfg_rtt_wr";
    .port_info 7 /INPUT 3 "cfg_rtt_park";
    .port_info 8 /INPUT 2 "cfg_drive_strength";
    .port_info 9 /INPUT 4 "cfg_wr_recovery";
    .port_info 10 /INPUT 1 "cfg_dbi_rd_en";
    .port_info 11 /INPUT 1 "cfg_dbi_wr_en";
    .port_info 12 /INPUT 1 "cfg_ca_parity_en";
    .port_info 13 /INPUT 3 "mr_select";
    .port_info 14 /OUTPUT 17 "mr_data";
L_0x7f20ac386018 .functor BUFT 1, C4<000>, C4<0>, C4<0>, C4<0>;
v0x5646b727ccc0_0 .net/2u *"_ivl_0", 2 0, L_0x7f20ac386018;  1 drivers
v0x5646b72b71d0_0 .net *"_ivl_11", 2 0, L_0x5646b72bb2e0;  1 drivers
L_0x7f20ac3860a8 .functor BUFT 1, C4<0>, C4<0>, C4<0>, C4<0>;
v0x5646b72b72b0_0 .net/2u *"_ivl_12", 0 0, L_0x7f20ac3860a8;  1 drivers
L_0x7f20ac3860f0 .functor BUFT 1, C4<00>, C4<0>, C4<0>, C4<0>;
v0x5646b72b7370_0 .net/2u *"_ivl_14", 1 0, L_0x7f20ac3860f0;  1 drivers
L_0x7f20ac386138 .functor BUFT 1, C4<0>, C4<0>, C4<0>, C4<0>;
v0x5646b72b7450_0 .net/2u *"_ivl_16", 0 0, L_0x7f20ac386138;  1 drivers
L_0x7f20ac386180 .functor BUFT 1, C4<000000>, C4<0>, C4<0>, C4<0>;
v0x5646b72b7580_0 .net/2u *"_ivl_20", 5 0, L_0x7f20ac386180;  1 drivers
L_0x7f20ac3861c8 .functor BUFT 1, C4<000>, C4<0>, C4<0>, C4<0>;
v0x5646b72b7660_0 .net/2u *"_ivl_22", 2 0, L_0x7f20ac3861c8;  1 drivers
L_0x7f20ac386210 .functor BUFT 1, C4<0>, C4<0>, C4<0>, C4<0>;
v0x5646b72b7740_0 .net/2u *"_ivl_24", 0 0, L_0x7f20ac386210;  1 drivers
L_0x7f20ac386258 .functor BUFT 1, C4<01001>, C4<0>, C4<0>, C4<0>;
v0x5646b72b7820_0 .net/2u *"_ivl_28", 4 0, L_0x7f20ac386258;  1 drivers
v0x5646b72b7900_0 .net *"_ivl_3", 0 0, L_0x5646b72bb050;  1 drivers
v0x5646b72b79e0_0 .net *"_ivl_30", 0 0, L_0x5646b72bbb80;  1 drivers
L_0x7f20ac3862a0 .functor BUFT 1, C4<01001>, C4<0>, C4<0>, C4<0>;
v0x5646b72b7aa0_0 .net/2u *"_ivl_32", 4 0, L_0x7f20ac3862a0;  1 drivers
v0x5646b72b7b80_0 .net *"_ivl_34", 4 0, L_0x5646b72bbc70;  1 drivers
L_0x7f20ac3862e8 .functor BUFT 1, C4<00000>, C4<0>, C4<0>, C4<0>;
v0x5646b72b7c60_0 .net/2u *"_ivl_36", 4 0, L_0x7f20ac3862e8;  1 drivers
v0x5646b72b7d40_0 .net *"_ivl_38", 4 0, L_0x5646b72bbdb0;  1 drivers
L_0x7f20ac386330 .functor BUFT 1, C4<00000>, C4<0>, C4<0>, C4<0>;
v0x5646b72b7e20_0 .net/2u *"_ivl_42", 4 0, L_0x7f20ac386330;  1 drivers
L_0x7f20ac386378 .functor BUFT 1, C4<000>, C4<0>, C4<0>, C4<0>;
v0x5646b72b7f00_0 .net/2u *"_ivl_44", 2 0, L_0x7f20ac386378;  1 drivers
L_0x7f20ac3863c0 .functor BUFT 1, C4<000>, C4<0>, C4<0>, C4<0>;
v0x5646b72b7fe0_0 .net/2u *"_ivl_46", 2 0, L_0x7f20ac3863c0;  1 drivers
v0x5646b72b80c0_0 .net *"_ivl_5", 0 0, L_0x5646b72bb120;  1 drivers
L_0x7f20ac3864e0 .functor BUFT 1, C4<0000>, C4<0>, C4<0>, C4<0>;
v0x5646b72b81a0_0 .net/2u *"_ivl_56", 3 0, L_0x7f20ac3864e0;  1 drivers
L_0x7f20ac386528 .functor BUFT 1, C4<00>, C4<0>, C4<0>, C4<0>;
v0x5646b72b8280_0 .net/2u *"_ivl_58", 1 0, L_0x7f20ac386528;  1 drivers
L_0x7f20ac386570 .functor BUFT 1, C4<00000>, C4<0>, C4<0>, C4<0>;
v0x5646b72b8360_0 .net/2u *"_ivl_60", 4 0, L_0x7f20ac386570;  1 drivers
v0x5646b72b8440_0 .net *"_ivl_7", 2 0, L_0x5646b72bb210;  1 drivers
L_0x7f20ac386060 .functor BUFT 1, C4<00>, C4<0>, C4<0>, C4<0>;
v0x5646b72b8520_0 .net/2u *"_ivl_8", 1 0, L_0x7f20ac386060;  1 drivers
v0x5646b72b8600_0 .net "cfg_al", 1 0, v0x5646b72b9ed0_0;  1 drivers
v0x5646b72b86e0_0 .net "cfg_ca_parity_en", 0 0, v0x5646b72b9fb0_0;  1 drivers
v0x5646b72b87a0_0 .net "cfg_cl", 4 0, v0x5646b72ba050_0;  1 drivers
v0x5646b72b8880_0 .net "cfg_cwl", 4 0, v0x5646b72ba0f0_0;  1 drivers
v0x5646b72b8960_0 .net "cfg_dbi_rd_en", 0 0, v0x5646b72ba190_0;  1 drivers
v0x5646b72b8a20_0 .net "cfg_dbi_wr_en", 0 0, v0x5646b72ba280_0;  1 drivers
v0x5646b72b8ae0_0 .net "cfg_drive_strength", 1 0, v0x5646b72ba350_0;  1 drivers
v0x5646b72b8bc0_0 .net "cfg_rtt_nom", 2 0, v0x5646b72ba420_0;  1 drivers
v0x5646b72b8ca0_0 .net "cfg_rtt_park", 2 0, v0x5646b72ba4f0_0;  1 drivers
v0x5646b72b8d80_0 .net "cfg_rtt_wr", 2 0, v0x5646b72ba5c0_0;  1 drivers
v0x5646b72b8e60_0 .net "cfg_wr_recovery", 3 0, v0x5646b72ba690_0;  1 drivers
v0x5646b72b8f40_0 .net "clk", 0 0, v0x5646b72ba760_0;  1 drivers
v0x5646b72b9000_0 .net "cwl_enc", 2 0, L_0x5646b72bbf40;  1 drivers
v0x5646b72b90e0_0 .net "mr0", 16 0, L_0x5646b72bb4f0;  1 drivers
v0x5646b72b91c0_0 .net "mr1", 16 0, L_0x5646b72bb8c0;  1 drivers
v0x5646b72b92a0_0 .net "mr2", 16 0, L_0x5646b72bc090;  1 drivers
L_0x7f20ac386408 .functor BUFT 1, C4<00000000000000000>, C4<0>, C4<0>, C4<0>;
v0x5646b72b9380_0 .net "mr3", 16 0, L_0x7f20ac386408;  1 drivers
L_0x7f20ac386450 .functor BUFT 1, C4<00000000000000000>, C4<0>, C4<0>, C4<0>;
v0x5646b72b9460_0 .net "mr4", 16 0, L_0x7f20ac386450;  1 drivers
v0x5646b72b9540_0 .net "mr5", 16 0, L_0x5646b72cc280;  1 drivers
L_0x7f20ac386498 .functor BUFT 1, C4<00000000000000000>, C4<0>, C4<0>, C4<0>;
v0x5646b72b9620_0 .net "mr6", 16 0, L_0x7f20ac386498;  1 drivers
v0x5646b72b9700_0 .var "mr_data", 16 0;
v0x5646b72b97e0_0 .net "mr_select", 2 0, v0x5646b72bae80_0;  1 drivers
v0x5646b72b98c0_0 .net "rst_n", 0 0, v0x5646b72baf50_0;  1 drivers
E_0x5646b728e220/0 .event anyedge, v0x5646b72b97e0_0, v0x5646b72b90e0_0, v0x5646b72b91c0_0, v0x5646b72b92a0_0;
E_0x5646b728e220/1 .event anyedge, v0x5646b72b9380_0, v0x5646b72b9460_0, v0x5646b72b9540_0, v0x5646b72b9620_0;
E_0x5646b728e220 .event/or E_0x5646b728e220/0, E_0x5646b728e220/1;
L_0x5646b72bb050 .part v0x5646b72ba690_0, 3, 1;
L_0x5646b72bb120 .part v0x5646b72ba050_0, 3, 1;
L_0x5646b72bb210 .part v0x5646b72ba690_0, 0, 3;
L_0x5646b72bb2e0 .part v0x5646b72ba050_0, 0, 3;
LS_0x5646b72bb4f0_0_0 .concat [ 1 2 1 3], L_0x7f20ac386138, L_0x7f20ac3860f0, L_0x7f20ac3860a8, L_0x5646b72bb2e0;
LS_0x5646b72bb4f0_0_4 .concat [ 2 3 1 1], L_0x7f20ac386060, L_0x5646b72bb210, L_0x5646b72bb120, L_0x5646b72bb050;
LS_0x5646b72bb4f0_0_8 .concat [ 3 0 0 0], L_0x7f20ac386018;
L_0x5646b72bb4f0 .concat [ 7 7 3 0], LS_0x5646b72bb4f0_0_0, LS_0x5646b72bb4f0_0_4, LS_0x5646b72bb4f0_0_8;
LS_0x5646b72bb8c0_0_0 .concat [ 2 1 2 3], v0x5646b72ba350_0, L_0x7f20ac386210, v0x5646b72b9ed0_0, L_0x7f20ac3861c8;
LS_0x5646b72bb8c0_0_4 .concat [ 3 6 0 0], v0x5646b72ba420_0, L_0x7f20ac386180;
L_0x5646b72bb8c0 .concat [ 8 9 0 0], LS_0x5646b72bb8c0_0_0, LS_0x5646b72bb8c0_0_4;
L_0x5646b72bbb80 .cmp/ge 5, v0x5646b72ba0f0_0, L_0x7f20ac386258;
L_0x5646b72bbc70 .arith/sub 5, v0x5646b72ba0f0_0, L_0x7f20ac3862a0;
L_0x5646b72bbdb0 .functor MUXZ 5, L_0x7f20ac3862e8, L_0x5646b72bbc70, L_0x5646b72bbb80, C4<>;
L_0x5646b72bbf40 .part L_0x5646b72bbdb0, 0, 3;
LS_0x5646b72bc090_0_0 .concat [ 3 3 3 3], L_0x7f20ac3863c0, L_0x5646b72bbf40, L_0x7f20ac386378, v0x5646b72ba5c0_0;
LS_0x5646b72bc090_0_4 .concat [ 5 0 0 0], L_0x7f20ac386330;
L_0x5646b72bc090 .concat [ 12 5 0 0], LS_0x5646b72bc090_0_0, LS_0x5646b72bc090_0_4;
LS_0x5646b72cc280_0_0 .concat [ 1 5 3 2], v0x5646b72b9fb0_0, L_0x7f20ac386570, v0x5646b72ba4f0_0, L_0x7f20ac386528;
LS_0x5646b72cc280_0_4 .concat [ 1 1 4 0], v0x5646b72ba280_0, v0x5646b72ba190_0, L_0x7f20ac3864e0;
L_0x5646b72cc280 .concat [ 11 6 0 0], LS_0x5646b72cc280_0_0, LS_0x5646b72cc280_0_4;
S_0x5646b72b9b60 .scope task, "read_mr" "read_mr" 3 36, 3 36 0, S_0x5646b728a610;
 .timescale -9 -12;
v0x5646b72b9d10_0 .var "data", 16 0;
v0x5646b72b9df0_0 .var "sel", 2 0;
TD_ddr4_mode_reg_tb.read_mr ;
    %load/vec4 v0x5646b72b9df0_0;
    %store/vec4 v0x5646b72bae80_0, 0, 3;
    %delay 1000, 0;
    %load/vec4 v0x5646b72bad90_0;
    %store/vec4 v0x5646b72b9d10_0, 0, 17;
    %end;
    .scope S_0x5646b728a7a0;
T_1 ;
    %wait E_0x5646b728e220;
    %load/vec4 v0x5646b72b97e0_0;
    %dup/vec4;
    %pushi/vec4 0, 0, 3;
    %cmp/u;
    %jmp/1 T_1.0, 6;
    %dup/vec4;
    %pushi/vec4 1, 0, 3;
    %cmp/u;
    %jmp/1 T_1.1, 6;
    %dup/vec4;
    %pushi/vec4 2, 0, 3;
    %cmp/u;
    %jmp/1 T_1.2, 6;
    %dup/vec4;
    %pushi/vec4 3, 0, 3;
    %cmp/u;
    %jmp/1 T_1.3, 6;
    %dup/vec4;
    %pushi/vec4 4, 0, 3;
    %cmp/u;
    %jmp/1 T_1.4, 6;
    %dup/vec4;
    %pushi/vec4 5, 0, 3;
    %cmp/u;
    %jmp/1 T_1.5, 6;
    %dup/vec4;
    %pushi/vec4 6, 0, 3;
    %cmp/u;
    %jmp/1 T_1.6, 6;
    %pushi/vec4 0, 0, 17;
    %store/vec4 v0x5646b72b9700_0, 0, 17;
    %jmp T_1.8;
T_1.0 ;
    %load/vec4 v0x5646b72b90e0_0;
    %store/vec4 v0x5646b72b9700_0, 0, 17;
    %jmp T_1.8;
T_1.1 ;
    %load/vec4 v0x5646b72b91c0_0;
    %store/vec4 v0x5646b72b9700_0, 0, 17;
    %jmp T_1.8;
T_1.2 ;
    %load/vec4 v0x5646b72b92a0_0;
    %store/vec4 v0x5646b72b9700_0, 0, 17;
    %jmp T_1.8;
T_1.3 ;
    %load/vec4 v0x5646b72b9380_0;
    %store/vec4 v0x5646b72b9700_0, 0, 17;
    %jmp T_1.8;
T_1.4 ;
    %load/vec4 v0x5646b72b9460_0;
    %store/vec4 v0x5646b72b9700_0, 0, 17;
    %jmp T_1.8;
T_1.5 ;
    %load/vec4 v0x5646b72b9540_0;
    %store/vec4 v0x5646b72b9700_0, 0, 17;
    %jmp T_1.8;
T_1.6 ;
    %load/vec4 v0x5646b72b9620_0;
    %store/vec4 v0x5646b72b9700_0, 0, 17;
    %jmp T_1.8;
T_1.8 ;
    %pop/vec4 1;
    %jmp T_1;
    .thread T_1, $push;
    .scope S_0x5646b728a610;
T_2 ;
    %pushi/vec4 0, 0, 1;
    %store/vec4 v0x5646b72ba760_0, 0, 1;
    %end;
    .thread T_2;
    .scope S_0x5646b728a610;
T_3 ;
    %delay 5000, 0;
    %load/vec4 v0x5646b72ba760_0;
    %inv;
    %store/vec4 v0x5646b72ba760_0, 0, 1;
    %jmp T_3;
    .thread T_3;
    .scope S_0x5646b728a610;
T_4 ;
    %vpi_call/w 3 32 "$dumpfile", "results/phase-core-ctrl/ddr4_mode_reg.vcd" {0 0 0};
    %vpi_call/w 3 33 "$dumpvars", 32'sb00000000000000000000000000000000, S_0x5646b728a610 {0 0 0};
    %end;
    .thread T_4;
    .scope S_0x5646b728a610;
T_5 ;
    %pushi/vec4 0, 0, 1;
    %store/vec4 v0x5646b72baf50_0, 0, 1;
    %pushi/vec4 22, 0, 5;
    %store/vec4 v0x5646b72ba050_0, 0, 5;
    %pushi/vec4 16, 0, 5;
    %store/vec4 v0x5646b72ba0f0_0, 0, 5;
    %pushi/vec4 0, 0, 2;
    %store/vec4 v0x5646b72b9ed0_0, 0, 2;
    %pushi/vec4 4, 0, 3;
    %store/vec4 v0x5646b72ba420_0, 0, 3;
    %pushi/vec4 1, 0, 3;
    %store/vec4 v0x5646b72ba5c0_0, 0, 3;
    %pushi/vec4 2, 0, 3;
    %store/vec4 v0x5646b72ba4f0_0, 0, 3;
    %pushi/vec4 0, 0, 2;
    %store/vec4 v0x5646b72ba350_0, 0, 2;
    %pushi/vec4 8, 0, 4;
    %store/vec4 v0x5646b72ba690_0, 0, 4;
    %pushi/vec4 1, 0, 1;
    %store/vec4 v0x5646b72ba190_0, 0, 1;
    %pushi/vec4 0, 0, 1;
    %store/vec4 v0x5646b72ba280_0, 0, 1;
    %pushi/vec4 1, 0, 1;
    %store/vec4 v0x5646b72b9fb0_0, 0, 1;
    %pushi/vec4 0, 0, 3;
    %store/vec4 v0x5646b72bae80_0, 0, 3;
    %pushi/vec4 5, 0, 32;
T_5.0 %dup/vec4;
    %pushi/vec4 0, 0, 32;
    %cmp/s;
    %jmp/1xz T_5.1, 5;
    %jmp/1 T_5.1, 4;
    %pushi/vec4 1, 0, 32;
    %sub;
    %wait E_0x5646b728eeb0;
    %jmp T_5.0;
T_5.1 ;
    %pop/vec4 1;
    %pushi/vec4 1, 0, 1;
    %store/vec4 v0x5646b72baf50_0, 0, 1;
    %wait E_0x5646b728eeb0;
    %pushi/vec4 0, 0, 3;
    %store/vec4 v0x5646b72b9df0_0, 0, 3;
    %fork TD_ddr4_mode_reg_tb.read_mr, S_0x5646b72b9b60;
    %join;
    %load/vec4 v0x5646b72b9d10_0;
    %store/vec4 v0x5646b72ba830_0, 0, 17;
    %pushi/vec4 1, 0, 3;
    %store/vec4 v0x5646b72b9df0_0, 0, 3;
    %fork TD_ddr4_mode_reg_tb.read_mr, S_0x5646b72b9b60;
    %join;
    %load/vec4 v0x5646b72b9d10_0;
    %store/vec4 v0x5646b72ba8d0_0, 0, 17;
    %pushi/vec4 2, 0, 3;
    %store/vec4 v0x5646b72b9df0_0, 0, 3;
    %fork TD_ddr4_mode_reg_tb.read_mr, S_0x5646b72b9b60;
    %join;
    %load/vec4 v0x5646b72b9d10_0;
    %store/vec4 v0x5646b72ba970_0, 0, 17;
    %pushi/vec4 3, 0, 3;
    %store/vec4 v0x5646b72b9df0_0, 0, 3;
    %fork TD_ddr4_mode_reg_tb.read_mr, S_0x5646b72b9b60;
    %join;
    %load/vec4 v0x5646b72b9d10_0;
    %store/vec4 v0x5646b72baa10_0, 0, 17;
    %pushi/vec4 4, 0, 3;
    %store/vec4 v0x5646b72b9df0_0, 0, 3;
    %fork TD_ddr4_mode_reg_tb.read_mr, S_0x5646b72b9b60;
    %join;
    %load/vec4 v0x5646b72b9d10_0;
    %store/vec4 v0x5646b72baaf0_0, 0, 17;
    %pushi/vec4 5, 0, 3;
    %store/vec4 v0x5646b72b9df0_0, 0, 3;
    %fork TD_ddr4_mode_reg_tb.read_mr, S_0x5646b72b9b60;
    %join;
    %load/vec4 v0x5646b72b9d10_0;
    %store/vec4 v0x5646b72babd0_0, 0, 17;
    %pushi/vec4 6, 0, 3;
    %store/vec4 v0x5646b72b9df0_0, 0, 3;
    %fork TD_ddr4_mode_reg_tb.read_mr, S_0x5646b72b9b60;
    %join;
    %load/vec4 v0x5646b72b9d10_0;
    %store/vec4 v0x5646b72bacb0_0, 0, 17;
    %vpi_call/w 3 77 "$display", "MR0=0x%05x MR1=0x%05x MR2=0x%05x MR3=0x%05x", v0x5646b72ba830_0, v0x5646b72ba8d0_0, v0x5646b72ba970_0, v0x5646b72baa10_0 {0 0 0};
    %vpi_call/w 3 79 "$display", "MR4=0x%05x MR5=0x%05x MR6=0x%05x", v0x5646b72baaf0_0, v0x5646b72babd0_0, v0x5646b72bacb0_0 {0 0 0};
    %load/vec4 v0x5646b72ba970_0;
    %parti/s 3, 3, 3;
    %cmpi/ne 7, 0, 3;
    %jmp/0xz  T_5.2, 6;
    %vpi_call/w 3 84 "$display", "FAIL: MR2[5:3]=%0b, expected 3'b111 (CWL=16, cwl_enc=7)", &PV<v0x5646b72ba970_0, 3, 3> {0 0 0};
    %vpi_call/w 3 86 "$fatal", 32'sb00000000000000000000000000000001, "SIMULATION FAILED" {0 0 0};
T_5.2 ;
    %load/vec4 v0x5646b72baa10_0;
    %cmpi/ne 0, 0, 17;
    %jmp/0xz  T_5.4, 6;
    %vpi_call/w 3 91 "$fatal", 32'sb00000000000000000000000000000001, "SIMULATION FAILED: MR3 should be 0, got 0x%05x", v0x5646b72baa10_0 {0 0 0};
T_5.4 ;
    %load/vec4 v0x5646b72baaf0_0;
    %cmpi/ne 0, 0, 17;
    %jmp/0xz  T_5.6, 6;
    %vpi_call/w 3 93 "$fatal", 32'sb00000000000000000000000000000001, "SIMULATION FAILED: MR4 should be 0, got 0x%05x", v0x5646b72baaf0_0 {0 0 0};
T_5.6 ;
    %load/vec4 v0x5646b72bacb0_0;
    %cmpi/ne 0, 0, 17;
    %jmp/0xz  T_5.8, 6;
    %vpi_call/w 3 95 "$fatal", 32'sb00000000000000000000000000000001, "SIMULATION FAILED: MR6 should be 0, got 0x%05x", v0x5646b72bacb0_0 {0 0 0};
T_5.8 ;
    %load/vec4 v0x5646b72babd0_0;
    %parti/s 1, 12, 5;
    %cmpi/ne 1, 0, 1;
    %jmp/0xz  T_5.10, 6;
    %vpi_call/w 3 99 "$fatal", 32'sb00000000000000000000000000000001, "SIMULATION FAILED: MR5[12] DBI_RD should be 1" {0 0 0};
T_5.10 ;
    %load/vec4 v0x5646b72babd0_0;
    %parti/s 1, 0, 2;
    %cmpi/ne 1, 0, 1;
    %jmp/0xz  T_5.12, 6;
    %vpi_call/w 3 102 "$fatal", 32'sb00000000000000000000000000000001, "SIMULATION FAILED: MR5[0] CA_PARITY should be 1" {0 0 0};
T_5.12 ;
    %vpi_call/w 3 104 "$display", "SIMULATION PASSED" {0 0 0};
    %vpi_call/w 3 105 "$finish" {0 0 0};
    %end;
    .thread T_5;
# The file index is used to find the file name in the following table.
:file_names 5;
    "N/A";
    "<interactive>";
    "-";
    "tb/ddr4_mode_reg_tb.v";
    "rtl/ddr4_mode_reg.v";
