#! /usr/bin/vvp
:ivl_version "12.0 (stable)";
:ivl_delay_selection "TYPICAL";
:vpi_time_precision - 12;
:vpi_module "/usr/lib/x86_64-linux-gnu/ivl/system.vpi";
:vpi_module "/usr/lib/x86_64-linux-gnu/ivl/vhdl_sys.vpi";
:vpi_module "/usr/lib/x86_64-linux-gnu/ivl/vhdl_textio.vpi";
:vpi_module "/usr/lib/x86_64-linux-gnu/ivl/v2005_math.vpi";
:vpi_module "/usr/lib/x86_64-linux-gnu/ivl/va_math.vpi";
:vpi_module "/usr/lib/x86_64-linux-gnu/ivl/v2009.vpi";
S_0x55fb1b117140 .scope package, "$unit" "$unit" 2 1;
 .timescale 0 0;
S_0x55fb1b127e90 .scope module, "ddr4_cmd_scheduler_tb" "ddr4_cmd_scheduler_tb" 3 2;
 .timescale -9 -12;
v0x55fb1b177870_0 .var "clk", 0 0;
v0x55fb1b177930_0 .var "cmd_addr", 31 0;
v0x55fb1b1779d0_0 .var "cmd_id", 3 0;
v0x55fb1b177a70_0 .net "cmd_ready", 0 0, v0x55fb1b174820_0;  1 drivers
v0x55fb1b177b40_0 .var "cmd_type", 1 0;
v0x55fb1b177c30_0 .var "cmd_valid", 0 0;
v0x55fb1b177d00_0 .net "dram_ba", 1 0, v0x55fb1b174ee0_0;  1 drivers
v0x55fb1b177dd0_0 .net "dram_bg", 1 0, v0x55fb1b174fc0_0;  1 drivers
v0x55fb1b177ea0_0 .net "dram_cmd_type", 2 0, v0x55fb1b1750a0_0;  1 drivers
v0x55fb1b177f70_0 .net "dram_cmd_valid", 0 0, v0x55fb1b175180_0;  1 drivers
v0x55fb1b178040_0 .net "dram_col", 9 0, v0x55fb1b175240_0;  1 drivers
v0x55fb1b178110_0 .net "dram_rank", 1 0, v0x55fb1b175320_0;  1 drivers
v0x55fb1b1781e0_0 .net "dram_row", 16 0, v0x55fb1b175400_0;  1 drivers
v0x55fb1b1782b0_0 .net "rd_data_id", 3 0, v0x55fb1b176020_0;  1 drivers
v0x55fb1b178380_0 .net "rd_data_req", 0 0, v0x55fb1b176100_0;  1 drivers
v0x55fb1b178450_0 .net "ref_ack", 0 0, v0x55fb1b1761c0_0;  1 drivers
v0x55fb1b178520_0 .var "ref_bank", 3 0;
v0x55fb1b1785f0_0 .var "ref_rank", 1 0;
v0x55fb1b1786c0_0 .var "ref_req", 0 0;
v0x55fb1b178790_0 .var "rst_n", 0 0;
v0x55fb1b178860_0 .var "timing_ok", 15 0;
v0x55fb1b178930_0 .var/i "wait_cnt", 31 0;
v0x55fb1b1789d0_0 .net "wr_data_id", 3 0, v0x55fb1b176be0_0;  1 drivers
v0x55fb1b178aa0_0 .net "wr_data_req", 0 0, v0x55fb1b176cc0_0;  1 drivers
S_0x55fb1b128020 .scope module, "dut" "ddr4_cmd_scheduler" 3 23, 4 3 0, S_0x55fb1b127e90;
 .timescale -9 -12;
    .port_info 0 /INPUT 1 "clk";
    .port_info 1 /INPUT 1 "rst_n";
    .port_info 2 /INPUT 1 "cmd_valid";
    .port_info 3 /OUTPUT 1 "cmd_ready";
    .port_info 4 /INPUT 2 "cmd_type";
    .port_info 5 /INPUT 32 "cmd_addr";
    .port_info 6 /INPUT 4 "cmd_id";
    .port_info 7 /INPUT 1 "ref_req";
    .port_info 8 /INPUT 2 "ref_rank";
    .port_info 9 /INPUT 4 "ref_bank";
    .port_info 10 /OUTPUT 1 "ref_ack";
    .port_info 11 /INPUT 16 "timing_ok";
    .port_info 12 /OUTPUT 1 "dram_cmd_valid";
    .port_info 13 /OUTPUT 3 "dram_cmd_type";
    .port_info 14 /OUTPUT 2 "dram_rank";
    .port_info 15 /OUTPUT 2 "dram_bg";
    .port_info 16 /OUTPUT 2 "dram_ba";
    .port_info 17 /OUTPUT 17 "dram_row";
    .port_info 18 /OUTPUT 10 "dram_col";
    .port_info 19 /OUTPUT 1 "rd_data_req";
    .port_info 20 /OUTPUT 4 "rd_data_id";
    .port_info 21 /OUTPUT 1 "wr_data_req";
    .port_info 22 /OUTPUT 4 "wr_data_id";
P_0x55fb1b157210 .param/l "BS_ACTIVATING" 1 4 51, C4<001>;
P_0x55fb1b157250 .param/l "BS_ACTIVE" 1 4 52, C4<010>;
P_0x55fb1b157290 .param/l "BS_IDLE" 1 4 50, C4<000>;
P_0x55fb1b1572d0 .param/l "BS_PRECHARGING" 1 4 55, C4<101>;
P_0x55fb1b157310 .param/l "BS_READING" 1 4 53, C4<011>;
P_0x55fb1b157350 .param/l "BS_REFRESH" 1 4 56, C4<110>;
P_0x55fb1b157390 .param/l "BS_WRITING" 1 4 54, C4<100>;
P_0x55fb1b1573d0 .param/l "CMD_ACT" 1 4 44, C4<100>;
P_0x55fb1b157410 .param/l "CMD_MRS" 1 4 41, C4<001>;
P_0x55fb1b157450 .param/l "CMD_NOP" 1 4 40, C4<000>;
P_0x55fb1b157490 .param/l "CMD_PRE" 1 4 43, C4<011>;
P_0x55fb1b1574d0 .param/l "CMD_RD" 1 4 46, C4<110>;
P_0x55fb1b157510 .param/l "CMD_REF" 1 4 42, C4<010>;
P_0x55fb1b157550 .param/l "CMD_WR" 1 4 45, C4<101>;
v0x55fb1b156240_0 .net *"_ivl_11", 7 0, L_0x55fb1b178f80;  1 drivers
v0x55fb1b157060_0 .net *"_ivl_37", 1 0, L_0x55fb1b179ea0;  1 drivers
v0x55fb1b157c70_0 .net *"_ivl_39", 7 0, L_0x55fb1b179f70;  1 drivers
v0x55fb1b110290_0 .net *"_ivl_9", 1 0, L_0x55fb1b178eb0;  1 drivers
v0x55fb1b110c30_0 .var "bank_state", 2 0;
v0x55fb1b10f5c0_0 .net "clk", 0 0, v0x55fb1b177870_0;  1 drivers
v0x55fb1b10fc00_0 .net "cmd_addr", 31 0, v0x55fb1b177930_0;  1 drivers
v0x55fb1b174740_0 .net "cmd_id", 3 0, v0x55fb1b1779d0_0;  1 drivers
v0x55fb1b174820_0 .var "cmd_ready", 0 0;
v0x55fb1b1748e0_0 .net "cmd_type", 1 0, v0x55fb1b177b40_0;  1 drivers
v0x55fb1b1749c0_0 .net "cmd_valid", 0 0, v0x55fb1b177c30_0;  1 drivers
v0x55fb1b174a80_0 .net "dec_ba", 1 0, L_0x55fb1b178ce0;  1 drivers
v0x55fb1b174b60_0 .net "dec_bg", 1 0, L_0x55fb1b178db0;  1 drivers
v0x55fb1b174c40_0 .net "dec_col", 9 0, L_0x55fb1b179090;  1 drivers
v0x55fb1b174d20_0 .net "dec_rank", 1 0, L_0x55fb1b178b70;  1 drivers
v0x55fb1b174e00_0 .net "dec_row", 16 0, L_0x55fb1b178c40;  1 drivers
v0x55fb1b174ee0_0 .var "dram_ba", 1 0;
v0x55fb1b174fc0_0 .var "dram_bg", 1 0;
v0x55fb1b1750a0_0 .var "dram_cmd_type", 2 0;
v0x55fb1b175180_0 .var "dram_cmd_valid", 0 0;
v0x55fb1b175240_0 .var "dram_col", 9 0;
v0x55fb1b175320_0 .var "dram_rank", 1 0;
v0x55fb1b175400_0 .var "dram_row", 16 0;
v0x55fb1b1754e0_0 .var "open_ba", 1 0;
v0x55fb1b1755c0_0 .var "open_bg", 1 0;
v0x55fb1b1756a0_0 .var "open_rank", 1 0;
v0x55fb1b175780_0 .var "open_row", 16 0;
v0x55fb1b175860_0 .var "pend_addr", 31 0;
v0x55fb1b175940_0 .net "pend_ba", 1 0, L_0x55fb1b179c90;  1 drivers
v0x55fb1b175a20_0 .net "pend_bg", 1 0, L_0x55fb1b179d30;  1 drivers
v0x55fb1b175b00_0 .net "pend_col", 9 0, L_0x55fb1b179e00;  1 drivers
v0x55fb1b175be0_0 .var "pend_id", 3 0;
v0x55fb1b175cc0_0 .net "pend_rank", 1 0, L_0x55fb1b179a30;  1 drivers
v0x55fb1b175da0_0 .net "pend_row", 16 0, L_0x55fb1b179b30;  1 drivers
v0x55fb1b175e80_0 .var "pend_type", 1 0;
v0x55fb1b175f60_0 .var "pend_valid", 0 0;
v0x55fb1b176020_0 .var "rd_data_id", 3 0;
v0x55fb1b176100_0 .var "rd_data_req", 0 0;
v0x55fb1b1761c0_0 .var "ref_ack", 0 0;
v0x55fb1b176280_0 .net "ref_bank", 3 0, v0x55fb1b178520_0;  1 drivers
v0x55fb1b176360_0 .net "ref_rank", 1 0, v0x55fb1b1785f0_0;  1 drivers
v0x55fb1b176440_0 .net "ref_req", 0 0, v0x55fb1b1786c0_0;  1 drivers
v0x55fb1b176500_0 .net "rst_n", 0 0, v0x55fb1b178790_0;  1 drivers
v0x55fb1b1765c0_0 .net "t_faw_ok", 0 0, L_0x55fb1b1794f0;  1 drivers
v0x55fb1b176680_0 .net "t_ras_ok", 0 0, L_0x55fb1b179360;  1 drivers
v0x55fb1b176740_0 .net "t_rcd_ok", 0 0, L_0x55fb1b179180;  1 drivers
v0x55fb1b176800_0 .net "t_rp_ok", 0 0, L_0x55fb1b1792c0;  1 drivers
v0x55fb1b1768c0_0 .net "t_rrd_s_ok", 0 0, L_0x55fb1b1795c0;  1 drivers
v0x55fb1b176980_0 .net "t_rtp_ok", 0 0, L_0x55fb1b179700;  1 drivers
v0x55fb1b176a40_0 .net "t_wr_ok", 0 0, L_0x55fb1b1797d0;  1 drivers
v0x55fb1b176b00_0 .net "timing_ok", 15 0, v0x55fb1b178860_0;  1 drivers
v0x55fb1b176be0_0 .var "wr_data_id", 3 0;
v0x55fb1b176cc0_0 .var "wr_data_req", 0 0;
E_0x55fb1b132ba0 .event posedge, v0x55fb1b10f5c0_0;
L_0x55fb1b178b70 .part v0x55fb1b177930_0, 26, 2;
L_0x55fb1b178c40 .part v0x55fb1b177930_0, 9, 17;
L_0x55fb1b178ce0 .part v0x55fb1b177930_0, 7, 2;
L_0x55fb1b178db0 .part v0x55fb1b177930_0, 5, 2;
L_0x55fb1b178eb0 .part v0x55fb1b177930_0, 3, 2;
L_0x55fb1b178f80 .part v0x55fb1b177930_0, 5, 8;
L_0x55fb1b179090 .concat [ 8 2 0 0], L_0x55fb1b178f80, L_0x55fb1b178eb0;
L_0x55fb1b179180 .part v0x55fb1b178860_0, 0, 1;
L_0x55fb1b1792c0 .part v0x55fb1b178860_0, 1, 1;
L_0x55fb1b179360 .part v0x55fb1b178860_0, 2, 1;
L_0x55fb1b1794f0 .part v0x55fb1b178860_0, 12, 1;
L_0x55fb1b1795c0 .part v0x55fb1b178860_0, 7, 1;
L_0x55fb1b179700 .part v0x55fb1b178860_0, 11, 1;
L_0x55fb1b1797d0 .part v0x55fb1b178860_0, 8, 1;
L_0x55fb1b179a30 .part v0x55fb1b175860_0, 26, 2;
L_0x55fb1b179b30 .part v0x55fb1b175860_0, 9, 17;
L_0x55fb1b179c90 .part v0x55fb1b175860_0, 7, 2;
L_0x55fb1b179d30 .part v0x55fb1b175860_0, 5, 2;
L_0x55fb1b179ea0 .part v0x55fb1b175860_0, 3, 2;
L_0x55fb1b179f70 .part v0x55fb1b175860_0, 5, 8;
L_0x55fb1b179e00 .concat [ 8 2 0 0], L_0x55fb1b179f70, L_0x55fb1b179ea0;
S_0x55fb1b177060 .scope task, "issue_cmd" "issue_cmd" 3 49, 3 49 0, S_0x55fb1b127e90;
 .timescale -9 -12;
v0x55fb1b177230_0 .var "addr", 31 0;
v0x55fb1b177330_0 .var "ctype", 1 0;
v0x55fb1b177410_0 .var "id", 3 0;
E_0x55fb1b133070 .event negedge, v0x55fb1b10f5c0_0;
TD_ddr4_cmd_scheduler_tb.issue_cmd ;
    %wait E_0x55fb1b133070;
    %pushi/vec4 1, 0, 1;
    %store/vec4 v0x55fb1b177c30_0, 0, 1;
    %load/vec4 v0x55fb1b177330_0;
    %store/vec4 v0x55fb1b177b40_0, 0, 2;
    %load/vec4 v0x55fb1b177230_0;
    %store/vec4 v0x55fb1b177930_0, 0, 32;
    %load/vec4 v0x55fb1b177410_0;
    %store/vec4 v0x55fb1b1779d0_0, 0, 4;
    %wait E_0x55fb1b132ba0;
    %wait E_0x55fb1b133070;
    %pushi/vec4 0, 0, 1;
    %store/vec4 v0x55fb1b177c30_0, 0, 1;
    %end;
S_0x55fb1b1774d0 .scope task, "wait_for_dram_cmd" "wait_for_dram_cmd" 3 67, 3 67 0, S_0x55fb1b127e90;
 .timescale -9 -12;
v0x55fb1b1776b0_0 .var "expected", 2 0;
v0x55fb1b177790_0 .var/i "timeout", 31 0;
TD_ddr4_cmd_scheduler_tb.wait_for_dram_cmd ;
    %pushi/vec4 0, 0, 32;
    %store/vec4 v0x55fb1b178930_0, 0, 32;
    %wait E_0x55fb1b132ba0;
T_1.0 ;
    %load/vec4 v0x55fb1b177f70_0;
    %flag_set/vec4 9;
    %flag_get/vec4 9;
    %jmp/0 T_1.2, 9;
    %load/vec4 v0x55fb1b177ea0_0;
    %load/vec4 v0x55fb1b1776b0_0;
    %cmp/e;
    %flag_get/vec4 4;
    %and;
T_1.2;
    %nor/r;
    %flag_set/vec4 8;
    %jmp/0xz T_1.1, 8;
    %load/vec4 v0x55fb1b178930_0;
    %addi 1, 0, 32;
    %store/vec4 v0x55fb1b178930_0, 0, 32;
    %load/vec4 v0x55fb1b177790_0;
    %load/vec4 v0x55fb1b178930_0;
    %cmp/s;
    %flag_or 5, 4;
    %jmp/0xz  T_1.3, 5;
    %vpi_call/w 3 76 "$fatal", 32'sb00000000000000000000000000000001, "SIMULATION FAILED: timeout waiting for dram_cmd_type=%0d", v0x55fb1b1776b0_0 {0 0 0};
T_1.3 ;
    %wait E_0x55fb1b132ba0;
    %jmp T_1.0;
T_1.1 ;
    %end;
    .scope S_0x55fb1b128020;
T_2 ;
    %wait E_0x55fb1b132ba0;
    %load/vec4 v0x55fb1b176500_0;
    %nor/r;
    %flag_set/vec4 8;
    %jmp/0xz  T_2.0, 8;
    %pushi/vec4 0, 0, 3;
    %assign/vec4 v0x55fb1b110c30_0, 0;
    %pushi/vec4 0, 0, 17;
    %assign/vec4 v0x55fb1b175780_0, 0;
    %pushi/vec4 0, 0, 2;
    %assign/vec4 v0x55fb1b1756a0_0, 0;
    %pushi/vec4 0, 0, 2;
    %assign/vec4 v0x55fb1b1755c0_0, 0;
    %pushi/vec4 0, 0, 2;
    %assign/vec4 v0x55fb1b1754e0_0, 0;
    %pushi/vec4 0, 0, 1;
    %assign/vec4 v0x55fb1b175f60_0, 0;
    %pushi/vec4 0, 0, 2;
    %assign/vec4 v0x55fb1b175e80_0, 0;
    %pushi/vec4 0, 0, 32;
    %assign/vec4 v0x55fb1b175860_0, 0;
    %pushi/vec4 0, 0, 4;
    %assign/vec4 v0x55fb1b175be0_0, 0;
    %pushi/vec4 1, 0, 1;
    %assign/vec4 v0x55fb1b174820_0, 0;
    %pushi/vec4 0, 0, 1;
    %assign/vec4 v0x55fb1b175180_0, 0;
    %pushi/vec4 0, 0, 3;
    %assign/vec4 v0x55fb1b1750a0_0, 0;
    %pushi/vec4 0, 0, 2;
    %assign/vec4 v0x55fb1b175320_0, 0;
    %pushi/vec4 0, 0, 2;
    %assign/vec4 v0x55fb1b174fc0_0, 0;
    %pushi/vec4 0, 0, 2;
    %assign/vec4 v0x55fb1b174ee0_0, 0;
    %pushi/vec4 0, 0, 17;
    %assign/vec4 v0x55fb1b175400_0, 0;
    %pushi/vec4 0, 0, 10;
    %assign/vec4 v0x55fb1b175240_0, 0;
    %pushi/vec4 0, 0, 1;
    %assign/vec4 v0x55fb1b176100_0, 0;
    %pushi/vec4 0, 0, 4;
    %assign/vec4 v0x55fb1b176020_0, 0;
    %pushi/vec4 0, 0, 1;
    %assign/vec4 v0x55fb1b176cc0_0, 0;
    %pushi/vec4 0, 0, 4;
    %assign/vec4 v0x55fb1b176be0_0, 0;
    %pushi/vec4 0, 0, 1;
    %assign/vec4 v0x55fb1b1761c0_0, 0;
    %jmp T_2.1;
T_2.0 ;
    %pushi/vec4 0, 0, 1;
    %assign/vec4 v0x55fb1b175180_0, 0;
    %pushi/vec4 0, 0, 1;
    %assign/vec4 v0x55fb1b176100_0, 0;
    %pushi/vec4 0, 0, 1;
    %assign/vec4 v0x55fb1b176cc0_0, 0;
    %pushi/vec4 0, 0, 1;
    %assign/vec4 v0x55fb1b1761c0_0, 0;
    %load/vec4 v0x55fb1b1749c0_0;
    %flag_set/vec4 10;
    %flag_get/vec4 10;
    %jmp/0 T_2.5, 10;
    %load/vec4 v0x55fb1b174820_0;
    %and;
T_2.5;
    %flag_set/vec4 9;
    %flag_get/vec4 9;
    %jmp/0 T_2.4, 9;
    %load/vec4 v0x55fb1b175f60_0;
    %nor/r;
    %and;
T_2.4;
    %flag_set/vec4 8;
    %jmp/0xz  T_2.2, 8;
    %pushi/vec4 1, 0, 1;
    %assign/vec4 v0x55fb1b175f60_0, 0;
    %load/vec4 v0x55fb1b1748e0_0;
    %assign/vec4 v0x55fb1b175e80_0, 0;
    %load/vec4 v0x55fb1b10fc00_0;
    %assign/vec4 v0x55fb1b175860_0, 0;
    %load/vec4 v0x55fb1b174740_0;
    %assign/vec4 v0x55fb1b175be0_0, 0;
    %pushi/vec4 0, 0, 1;
    %assign/vec4 v0x55fb1b174820_0, 0;
T_2.2 ;
    %load/vec4 v0x55fb1b110c30_0;
    %dup/vec4;
    %pushi/vec4 0, 0, 3;
    %cmp/u;
    %jmp/1 T_2.6, 6;
    %dup/vec4;
    %pushi/vec4 1, 0, 3;
    %cmp/u;
    %jmp/1 T_2.7, 6;
    %dup/vec4;
    %pushi/vec4 2, 0, 3;
    %cmp/u;
    %jmp/1 T_2.8, 6;
    %dup/vec4;
    %pushi/vec4 3, 0, 3;
    %cmp/u;
    %jmp/1 T_2.9, 6;
    %dup/vec4;
    %pushi/vec4 4, 0, 3;
    %cmp/u;
    %jmp/1 T_2.10, 6;
    %dup/vec4;
    %pushi/vec4 5, 0, 3;
    %cmp/u;
    %jmp/1 T_2.11, 6;
    %dup/vec4;
    %pushi/vec4 6, 0, 3;
    %cmp/u;
    %jmp/1 T_2.12, 6;
    %pushi/vec4 0, 0, 3;
    %assign/vec4 v0x55fb1b110c30_0, 0;
    %jmp T_2.14;
T_2.6 ;
    %load/vec4 v0x55fb1b176440_0;
    %flag_set/vec4 9;
    %flag_get/vec4 9;
    %jmp/0 T_2.17, 9;
    %load/vec4 v0x55fb1b176800_0;
    %and;
T_2.17;
    %flag_set/vec4 8;
    %jmp/0xz  T_2.15, 8;
    %pushi/vec4 6, 0, 3;
    %assign/vec4 v0x55fb1b110c30_0, 0;
    %pushi/vec4 1, 0, 1;
    %assign/vec4 v0x55fb1b175180_0, 0;
    %pushi/vec4 2, 0, 3;
    %assign/vec4 v0x55fb1b1750a0_0, 0;
    %load/vec4 v0x55fb1b176360_0;
    %assign/vec4 v0x55fb1b175320_0, 0;
    %pushi/vec4 0, 0, 2;
    %assign/vec4 v0x55fb1b174fc0_0, 0;
    %pushi/vec4 0, 0, 2;
    %assign/vec4 v0x55fb1b174ee0_0, 0;
    %pushi/vec4 1, 0, 1;
    %assign/vec4 v0x55fb1b1761c0_0, 0;
    %jmp T_2.16;
T_2.15 ;
    %load/vec4 v0x55fb1b175f60_0;
    %flag_set/vec4 11;
    %flag_get/vec4 11;
    %jmp/0 T_2.22, 11;
    %load/vec4 v0x55fb1b176800_0;
    %and;
T_2.22;
    %flag_set/vec4 10;
    %flag_get/vec4 10;
    %jmp/0 T_2.21, 10;
    %load/vec4 v0x55fb1b1768c0_0;
    %and;
T_2.21;
    %flag_set/vec4 9;
    %flag_get/vec4 9;
    %jmp/0 T_2.20, 9;
    %load/vec4 v0x55fb1b1765c0_0;
    %and;
T_2.20;
    %flag_set/vec4 8;
    %jmp/0xz  T_2.18, 8;
    %pushi/vec4 1, 0, 3;
    %assign/vec4 v0x55fb1b110c30_0, 0;
    %pushi/vec4 1, 0, 1;
    %assign/vec4 v0x55fb1b175180_0, 0;
    %pushi/vec4 4, 0, 3;
    %assign/vec4 v0x55fb1b1750a0_0, 0;
    %load/vec4 v0x55fb1b175cc0_0;
    %assign/vec4 v0x55fb1b175320_0, 0;
    %load/vec4 v0x55fb1b175a20_0;
    %assign/vec4 v0x55fb1b174fc0_0, 0;
    %load/vec4 v0x55fb1b175940_0;
    %assign/vec4 v0x55fb1b174ee0_0, 0;
    %load/vec4 v0x55fb1b175da0_0;
    %assign/vec4 v0x55fb1b175400_0, 0;
    %load/vec4 v0x55fb1b175da0_0;
    %assign/vec4 v0x55fb1b175780_0, 0;
    %load/vec4 v0x55fb1b175cc0_0;
    %assign/vec4 v0x55fb1b1756a0_0, 0;
    %load/vec4 v0x55fb1b175a20_0;
    %assign/vec4 v0x55fb1b1755c0_0, 0;
    %load/vec4 v0x55fb1b175940_0;
    %assign/vec4 v0x55fb1b1754e0_0, 0;
T_2.18 ;
T_2.16 ;
    %jmp T_2.14;
T_2.7 ;
    %load/vec4 v0x55fb1b176740_0;
    %flag_set/vec4 8;
    %jmp/0xz  T_2.23, 8;
    %pushi/vec4 2, 0, 3;
    %assign/vec4 v0x55fb1b110c30_0, 0;
T_2.23 ;
    %jmp T_2.14;
T_2.8 ;
    %load/vec4 v0x55fb1b175f60_0;
    %flag_set/vec4 9;
    %flag_get/vec4 9;
    %jmp/0 T_2.27, 9;
    %load/vec4 v0x55fb1b176740_0;
    %and;
T_2.27;
    %flag_set/vec4 8;
    %jmp/0xz  T_2.25, 8;
    %load/vec4 v0x55fb1b175e80_0;
    %cmpi/e 1, 0, 2;
    %jmp/0xz  T_2.28, 4;
    %pushi/vec4 4, 0, 3;
    %assign/vec4 v0x55fb1b110c30_0, 0;
    %pushi/vec4 1, 0, 1;
    %assign/vec4 v0x55fb1b175180_0, 0;
    %pushi/vec4 5, 0, 3;
    %assign/vec4 v0x55fb1b1750a0_0, 0;
    %load/vec4 v0x55fb1b175cc0_0;
    %assign/vec4 v0x55fb1b175320_0, 0;
    %load/vec4 v0x55fb1b175a20_0;
    %assign/vec4 v0x55fb1b174fc0_0, 0;
    %load/vec4 v0x55fb1b175940_0;
    %assign/vec4 v0x55fb1b174ee0_0, 0;
    %load/vec4 v0x55fb1b175b00_0;
    %assign/vec4 v0x55fb1b175240_0, 0;
    %pushi/vec4 1, 0, 1;
    %assign/vec4 v0x55fb1b176cc0_0, 0;
    %load/vec4 v0x55fb1b175be0_0;
    %assign/vec4 v0x55fb1b176be0_0, 0;
    %pushi/vec4 0, 0, 1;
    %assign/vec4 v0x55fb1b175f60_0, 0;
    %pushi/vec4 1, 0, 1;
    %assign/vec4 v0x55fb1b174820_0, 0;
    %jmp T_2.29;
T_2.28 ;
    %pushi/vec4 3, 0, 3;
    %assign/vec4 v0x55fb1b110c30_0, 0;
    %pushi/vec4 1, 0, 1;
    %assign/vec4 v0x55fb1b175180_0, 0;
    %pushi/vec4 6, 0, 3;
    %assign/vec4 v0x55fb1b1750a0_0, 0;
    %load/vec4 v0x55fb1b175cc0_0;
    %assign/vec4 v0x55fb1b175320_0, 0;
    %load/vec4 v0x55fb1b175a20_0;
    %assign/vec4 v0x55fb1b174fc0_0, 0;
    %load/vec4 v0x55fb1b175940_0;
    %assign/vec4 v0x55fb1b174ee0_0, 0;
    %load/vec4 v0x55fb1b175b00_0;
    %assign/vec4 v0x55fb1b175240_0, 0;
    %pushi/vec4 1, 0, 1;
    %assign/vec4 v0x55fb1b176100_0, 0;
    %load/vec4 v0x55fb1b175be0_0;
    %assign/vec4 v0x55fb1b176020_0, 0;
    %pushi/vec4 0, 0, 1;
    %assign/vec4 v0x55fb1b175f60_0, 0;
    %pushi/vec4 1, 0, 1;
    %assign/vec4 v0x55fb1b174820_0, 0;
T_2.29 ;
T_2.25 ;
    %jmp T_2.14;
T_2.9 ;
    %load/vec4 v0x55fb1b176980_0;
    %flag_set/vec4 8;
    %jmp/0xz  T_2.30, 8;
    %pushi/vec4 5, 0, 3;
    %assign/vec4 v0x55fb1b110c30_0, 0;
    %pushi/vec4 1, 0, 1;
    %assign/vec4 v0x55fb1b175180_0, 0;
    %pushi/vec4 3, 0, 3;
    %assign/vec4 v0x55fb1b1750a0_0, 0;
    %load/vec4 v0x55fb1b1756a0_0;
    %assign/vec4 v0x55fb1b175320_0, 0;
    %load/vec4 v0x55fb1b1755c0_0;
    %assign/vec4 v0x55fb1b174fc0_0, 0;
    %load/vec4 v0x55fb1b1754e0_0;
    %assign/vec4 v0x55fb1b174ee0_0, 0;
T_2.30 ;
    %jmp T_2.14;
T_2.10 ;
    %load/vec4 v0x55fb1b176a40_0;
    %flag_set/vec4 9;
    %flag_get/vec4 9;
    %jmp/0 T_2.34, 9;
    %load/vec4 v0x55fb1b176680_0;
    %and;
T_2.34;
    %flag_set/vec4 8;
    %jmp/0xz  T_2.32, 8;
    %pushi/vec4 5, 0, 3;
    %assign/vec4 v0x55fb1b110c30_0, 0;
    %pushi/vec4 1, 0, 1;
    %assign/vec4 v0x55fb1b175180_0, 0;
    %pushi/vec4 3, 0, 3;
    %assign/vec4 v0x55fb1b1750a0_0, 0;
    %load/vec4 v0x55fb1b1756a0_0;
    %assign/vec4 v0x55fb1b175320_0, 0;
    %load/vec4 v0x55fb1b1755c0_0;
    %assign/vec4 v0x55fb1b174fc0_0, 0;
    %load/vec4 v0x55fb1b1754e0_0;
    %assign/vec4 v0x55fb1b174ee0_0, 0;
T_2.32 ;
    %jmp T_2.14;
T_2.11 ;
    %load/vec4 v0x55fb1b176800_0;
    %flag_set/vec4 8;
    %jmp/0xz  T_2.35, 8;
    %pushi/vec4 0, 0, 3;
    %assign/vec4 v0x55fb1b110c30_0, 0;
T_2.35 ;
    %jmp T_2.14;
T_2.12 ;
    %load/vec4 v0x55fb1b176b00_0;
    %parti/s 1, 13, 5;
    %flag_set/vec4 8;
    %jmp/0xz  T_2.37, 8;
    %pushi/vec4 0, 0, 3;
    %assign/vec4 v0x55fb1b110c30_0, 0;
T_2.37 ;
    %jmp T_2.14;
T_2.14 ;
    %pop/vec4 1;
T_2.1 ;
    %jmp T_2;
    .thread T_2;
    .scope S_0x55fb1b127e90;
T_3 ;
    %pushi/vec4 0, 0, 1;
    %store/vec4 v0x55fb1b177870_0, 0, 1;
    %end;
    .thread T_3;
    .scope S_0x55fb1b127e90;
T_4 ;
    %delay 5000, 0;
    %load/vec4 v0x55fb1b177870_0;
    %inv;
    %store/vec4 v0x55fb1b177870_0, 0, 1;
    %jmp T_4;
    .thread T_4;
    .scope S_0x55fb1b127e90;
T_5 ;
    %vpi_call/w 3 42 "$dumpfile", "results/phase-core-ctrl/ddr4_cmd_scheduler.vcd" {0 0 0};
    %vpi_call/w 3 43 "$dumpvars", 32'sb00000000000000000000000000000000, S_0x55fb1b127e90 {0 0 0};
    %end;
    .thread T_5;
    .scope S_0x55fb1b127e90;
T_6 ;
    %pushi/vec4 0, 0, 1;
    %store/vec4 v0x55fb1b178790_0, 0, 1;
    %pushi/vec4 0, 0, 1;
    %store/vec4 v0x55fb1b177c30_0, 0, 1;
    %pushi/vec4 0, 0, 2;
    %store/vec4 v0x55fb1b177b40_0, 0, 2;
    %pushi/vec4 0, 0, 32;
    %store/vec4 v0x55fb1b177930_0, 0, 32;
    %pushi/vec4 0, 0, 4;
    %store/vec4 v0x55fb1b1779d0_0, 0, 4;
    %pushi/vec4 0, 0, 1;
    %store/vec4 v0x55fb1b1786c0_0, 0, 1;
    %pushi/vec4 0, 0, 2;
    %store/vec4 v0x55fb1b1785f0_0, 0, 2;
    %pushi/vec4 0, 0, 4;
    %store/vec4 v0x55fb1b178520_0, 0, 4;
    %pushi/vec4 65535, 0, 16;
    %store/vec4 v0x55fb1b178860_0, 0, 16;
    %pushi/vec4 5, 0, 32;
T_6.0 %dup/vec4;
    %pushi/vec4 0, 0, 32;
    %cmp/s;
    %jmp/1xz T_6.1, 5;
    %jmp/1 T_6.1, 4;
    %pushi/vec4 1, 0, 32;
    %sub;
    %wait E_0x55fb1b132ba0;
    %jmp T_6.0;
T_6.1 ;
    %pop/vec4 1;
    %wait E_0x55fb1b133070;
    %pushi/vec4 1, 0, 1;
    %store/vec4 v0x55fb1b178790_0, 0, 1;
    %pushi/vec4 2, 0, 32;
T_6.2 %dup/vec4;
    %pushi/vec4 0, 0, 32;
    %cmp/s;
    %jmp/1xz T_6.3, 5;
    %jmp/1 T_6.3, 4;
    %pushi/vec4 1, 0, 32;
    %sub;
    %wait E_0x55fb1b132ba0;
    %jmp T_6.2;
T_6.3 ;
    %pop/vec4 1;
    %vpi_call/w 3 99 "$display", "Test 1: WRITE sequence ACT->WR->PRE" {0 0 0};
    %pushi/vec4 1, 0, 2;
    %store/vec4 v0x55fb1b177330_0, 0, 2;
    %pushi/vec4 67108864, 0, 32;
    %store/vec4 v0x55fb1b177230_0, 0, 32;
    %pushi/vec4 1, 0, 4;
    %store/vec4 v0x55fb1b177410_0, 0, 4;
    %fork TD_ddr4_cmd_scheduler_tb.issue_cmd, S_0x55fb1b177060;
    %join;
    %pushi/vec4 4, 0, 3;
    %store/vec4 v0x55fb1b1776b0_0, 0, 3;
    %pushi/vec4 50, 0, 32;
    %store/vec4 v0x55fb1b177790_0, 0, 32;
    %fork TD_ddr4_cmd_scheduler_tb.wait_for_dram_cmd, S_0x55fb1b1774d0;
    %join;
    %vpi_call/w 3 103 "$display", "  Saw ACT" {0 0 0};
    %pushi/vec4 5, 0, 3;
    %store/vec4 v0x55fb1b1776b0_0, 0, 3;
    %pushi/vec4 50, 0, 32;
    %store/vec4 v0x55fb1b177790_0, 0, 32;
    %fork TD_ddr4_cmd_scheduler_tb.wait_for_dram_cmd, S_0x55fb1b1774d0;
    %join;
    %vpi_call/w 3 106 "$display", "  Saw WR" {0 0 0};
    %load/vec4 v0x55fb1b178aa0_0;
    %nor/r;
    %flag_set/vec4 8;
    %jmp/0xz  T_6.4, 8;
    %vpi_call/w 3 108 "$fatal", 32'sb00000000000000000000000000000001, "SIMULATION FAILED: wr_data_req not asserted with WR" {0 0 0};
T_6.4 ;
    %pushi/vec4 3, 0, 3;
    %store/vec4 v0x55fb1b1776b0_0, 0, 3;
    %pushi/vec4 50, 0, 32;
    %store/vec4 v0x55fb1b177790_0, 0, 32;
    %fork TD_ddr4_cmd_scheduler_tb.wait_for_dram_cmd, S_0x55fb1b1774d0;
    %join;
    %vpi_call/w 3 111 "$display", "  Saw PRE" {0 0 0};
    %pushi/vec4 5, 0, 32;
T_6.6 %dup/vec4;
    %pushi/vec4 0, 0, 32;
    %cmp/s;
    %jmp/1xz T_6.7, 5;
    %jmp/1 T_6.7, 4;
    %pushi/vec4 1, 0, 32;
    %sub;
    %wait E_0x55fb1b132ba0;
    %jmp T_6.6;
T_6.7 ;
    %pop/vec4 1;
    %vpi_call/w 3 116 "$display", "Test 2: READ sequence ACT->RD->PRE" {0 0 0};
    %pushi/vec4 0, 0, 2;
    %store/vec4 v0x55fb1b177330_0, 0, 2;
    %pushi/vec4 67108864, 0, 32;
    %store/vec4 v0x55fb1b177230_0, 0, 32;
    %pushi/vec4 2, 0, 4;
    %store/vec4 v0x55fb1b177410_0, 0, 4;
    %fork TD_ddr4_cmd_scheduler_tb.issue_cmd, S_0x55fb1b177060;
    %join;
    %pushi/vec4 4, 0, 3;
    %store/vec4 v0x55fb1b1776b0_0, 0, 3;
    %pushi/vec4 50, 0, 32;
    %store/vec4 v0x55fb1b177790_0, 0, 32;
    %fork TD_ddr4_cmd_scheduler_tb.wait_for_dram_cmd, S_0x55fb1b1774d0;
    %join;
    %vpi_call/w 3 120 "$display", "  Saw ACT" {0 0 0};
    %pushi/vec4 6, 0, 3;
    %store/vec4 v0x55fb1b1776b0_0, 0, 3;
    %pushi/vec4 50, 0, 32;
    %store/vec4 v0x55fb1b177790_0, 0, 32;
    %fork TD_ddr4_cmd_scheduler_tb.wait_for_dram_cmd, S_0x55fb1b1774d0;
    %join;
    %vpi_call/w 3 122 "$display", "  Saw RD" {0 0 0};
    %load/vec4 v0x55fb1b178380_0;
    %nor/r;
    %flag_set/vec4 8;
    %jmp/0xz  T_6.8, 8;
    %vpi_call/w 3 124 "$fatal", 32'sb00000000000000000000000000000001, "SIMULATION FAILED: rd_data_req not asserted with RD" {0 0 0};
T_6.8 ;
    %pushi/vec4 3, 0, 3;
    %store/vec4 v0x55fb1b1776b0_0, 0, 3;
    %pushi/vec4 50, 0, 32;
    %store/vec4 v0x55fb1b177790_0, 0, 32;
    %fork TD_ddr4_cmd_scheduler_tb.wait_for_dram_cmd, S_0x55fb1b1774d0;
    %join;
    %vpi_call/w 3 126 "$display", "  Saw PRE" {0 0 0};
    %pushi/vec4 5, 0, 32;
T_6.10 %dup/vec4;
    %pushi/vec4 0, 0, 32;
    %cmp/s;
    %jmp/1xz T_6.11, 5;
    %jmp/1 T_6.11, 4;
    %pushi/vec4 1, 0, 32;
    %sub;
    %wait E_0x55fb1b132ba0;
    %jmp T_6.10;
T_6.11 ;
    %pop/vec4 1;
    %vpi_call/w 3 131 "$display", "Test 3: Refresh preemption" {0 0 0};
    %wait E_0x55fb1b133070;
    %pushi/vec4 1, 0, 1;
    %store/vec4 v0x55fb1b1786c0_0, 0, 1;
    %pushi/vec4 0, 0, 2;
    %store/vec4 v0x55fb1b1785f0_0, 0, 2;
    %pushi/vec4 0, 0, 4;
    %store/vec4 v0x55fb1b178520_0, 0, 4;
    %pushi/vec4 0, 0, 32;
    %store/vec4 v0x55fb1b178930_0, 0, 32;
    %wait E_0x55fb1b132ba0;
T_6.12 ;
    %load/vec4 v0x55fb1b178450_0;
    %nor/r;
    %flag_set/vec4 8;
    %jmp/0xz T_6.13, 8;
    %load/vec4 v0x55fb1b178930_0;
    %addi 1, 0, 32;
    %store/vec4 v0x55fb1b178930_0, 0, 32;
    %load/vec4 v0x55fb1b178930_0;
    %cmpi/s 50, 0, 32;
    %flag_inv 5; GE is !LT
    %jmp/0xz  T_6.14, 5;
    %vpi_call/w 3 142 "$fatal", 32'sb00000000000000000000000000000001, "SIMULATION FAILED: ref_ack not seen within timeout" {0 0 0};
T_6.14 ;
    %wait E_0x55fb1b132ba0;
    %jmp T_6.12;
T_6.13 ;
    %vpi_call/w 3 145 "$display", "  ref_ack received" {0 0 0};
    %wait E_0x55fb1b133070;
    %pushi/vec4 0, 0, 1;
    %store/vec4 v0x55fb1b1786c0_0, 0, 1;
    %vpi_call/w 3 148 "$display", "  Refresh preemption handled" {0 0 0};
    %pushi/vec4 5, 0, 32;
T_6.16 %dup/vec4;
    %pushi/vec4 0, 0, 32;
    %cmp/s;
    %jmp/1xz T_6.17, 5;
    %jmp/1 T_6.17, 4;
    %pushi/vec4 1, 0, 32;
    %sub;
    %wait E_0x55fb1b132ba0;
    %jmp T_6.16;
T_6.17 ;
    %pop/vec4 1;
    %vpi_call/w 3 151 "$display", "SIMULATION PASSED" {0 0 0};
    %vpi_call/w 3 152 "$finish" {0 0 0};
    %end;
    .thread T_6;
# The file index is used to find the file name in the following table.
:file_names 5;
    "N/A";
    "<interactive>";
    "-";
    "tb/ddr4_cmd_scheduler_tb.v";
    "rtl/ddr4_cmd_scheduler.v";
