#! /usr/bin/vvp
:ivl_version "12.0 (stable)";
:ivl_delay_selection "TYPICAL";
:vpi_time_precision - 12;
:vpi_module "/usr/lib/x86_64-linux-gnu/ivl/system.vpi";
:vpi_module "/usr/lib/x86_64-linux-gnu/ivl/vhdl_sys.vpi";
:vpi_module "/usr/lib/x86_64-linux-gnu/ivl/vhdl_textio.vpi";
:vpi_module "/usr/lib/x86_64-linux-gnu/ivl/v2005_math.vpi";
:vpi_module "/usr/lib/x86_64-linux-gnu/ivl/va_math.vpi";
:vpi_module "/usr/lib/x86_64-linux-gnu/ivl/v2009.vpi";
S_0x564ace286510 .scope package, "$unit" "$unit" 2 1;
 .timescale 0 0;
S_0x564ace2866a0 .scope module, "ddr4_refresh_ctrl_tb" "ddr4_refresh_ctrl_tb" 3 2;
 .timescale -9 -12;
v0x564ace2eea20_0 .var "cfg_fgr_mode", 1 0;
v0x564ace2eeb00_0 .var "cfg_pbr_en", 0 0;
v0x564ace2eeba0_0 .var "cfg_trefi", 13 0;
v0x564ace2eec40_0 .var "clk", 0 0;
v0x564ace2eed10_0 .var "init_done", 0 0;
v0x564ace2eedb0_0 .var "ref_ack", 0 0;
v0x564ace2eee80_0 .net "ref_bank", 3 0, v0x564ace2b0140_0;  1 drivers
v0x564ace2eef50_0 .net "ref_rank", 1 0, v0x564ace2ee220_0;  1 drivers
v0x564ace2ef020_0 .net "ref_req", 0 0, v0x564ace2ee300_0;  1 drivers
v0x564ace2ef180_0 .var "rst_n", 0 0;
v0x564ace2ef250_0 .net "sr_active", 0 0, v0x564ace2ee480_0;  1 drivers
v0x564ace2ef320_0 .var "sr_exit_req", 0 0;
v0x564ace2ef3f0_0 .var "sr_req", 0 0;
v0x564ace2ef4c0_0 .var/i "wait_cnt", 31 0;
S_0x564ace2c7dc0 .scope module, "dut" "ddr4_refresh_ctrl" 3 16, 4 3 0, S_0x564ace2866a0;
 .timescale -9 -12;
    .port_info 0 /INPUT 1 "clk";
    .port_info 1 /INPUT 1 "rst_n";
    .port_info 2 /INPUT 1 "init_done";
    .port_info 3 /INPUT 14 "cfg_trefi";
    .port_info 4 /INPUT 2 "cfg_fgr_mode";
    .port_info 5 /INPUT 1 "cfg_pbr_en";
    .port_info 6 /OUTPUT 1 "ref_req";
    .port_info 7 /OUTPUT 2 "ref_rank";
    .port_info 8 /OUTPUT 4 "ref_bank";
    .port_info 9 /INPUT 1 "ref_ack";
    .port_info 10 /INPUT 1 "sr_req";
    .port_info 11 /OUTPUT 1 "sr_active";
    .port_info 12 /INPUT 1 "sr_exit_req";
P_0x564ace2c7f50 .param/l "NUM_RANKS" 0 4 4, +C4<00000000000000000000000000000001>;
v0x564ace2b5220_0 .net "cfg_fgr_mode", 1 0, v0x564ace2eea20_0;  1 drivers
v0x564ace2b6310_0 .net "cfg_pbr_en", 0 0, v0x564ace2eeb00_0;  1 drivers
v0x564ace2b7f90_0 .net "cfg_trefi", 13 0, v0x564ace2eeba0_0;  1 drivers
v0x564ace2b8150_0 .net "clk", 0 0, v0x564ace2eec40_0;  1 drivers
v0x564ace2b6b00_0 .net "init_done", 0 0, v0x564ace2eed10_0;  1 drivers
v0x564ace2b98e0_0 .net "ref_ack", 0 0, v0x564ace2eedb0_0;  1 drivers
v0x564ace2b0140_0 .var "ref_bank", 3 0;
v0x564ace2ee220_0 .var "ref_rank", 1 0;
v0x564ace2ee300_0 .var "ref_req", 0 0;
v0x564ace2ee3c0_0 .net "rst_n", 0 0, v0x564ace2ef180_0;  1 drivers
v0x564ace2ee480_0 .var "sr_active", 0 0;
v0x564ace2ee540_0 .net "sr_exit_req", 0 0, v0x564ace2ef320_0;  1 drivers
v0x564ace2ee600_0 .net "sr_req", 0 0, v0x564ace2ef3f0_0;  1 drivers
v0x564ace2ee6c0_0 .var "trefi_cnt", 13 0;
v0x564ace2ee7a0_0 .var "trefi_period", 13 0;
E_0x564ace2ca990 .event posedge, v0x564ace2b8150_0;
E_0x564ace2cabe0 .event anyedge, v0x564ace2b5220_0, v0x564ace2b7f90_0;
    .scope S_0x564ace2c7dc0;
T_0 ;
    %wait E_0x564ace2cabe0;
    %load/vec4 v0x564ace2b5220_0;
    %dup/vec4;
    %pushi/vec4 1, 0, 2;
    %cmp/u;
    %jmp/1 T_0.0, 6;
    %dup/vec4;
    %pushi/vec4 2, 0, 2;
    %cmp/u;
    %jmp/1 T_0.1, 6;
    %load/vec4 v0x564ace2b7f90_0;
    %store/vec4 v0x564ace2ee7a0_0, 0, 14;
    %jmp T_0.3;
T_0.0 ;
    %load/vec4 v0x564ace2b7f90_0;
    %ix/load 4, 1, 0;
    %flag_set/imm 4, 0;
    %shiftr 4;
    %store/vec4 v0x564ace2ee7a0_0, 0, 14;
    %jmp T_0.3;
T_0.1 ;
    %load/vec4 v0x564ace2b7f90_0;
    %ix/load 4, 2, 0;
    %flag_set/imm 4, 0;
    %shiftr 4;
    %store/vec4 v0x564ace2ee7a0_0, 0, 14;
    %jmp T_0.3;
T_0.3 ;
    %pop/vec4 1;
    %jmp T_0;
    .thread T_0, $push;
    .scope S_0x564ace2c7dc0;
T_1 ;
    %wait E_0x564ace2ca990;
    %load/vec4 v0x564ace2ee3c0_0;
    %nor/r;
    %flag_set/vec4 8;
    %jmp/0xz  T_1.0, 8;
    %pushi/vec4 0, 0, 1;
    %assign/vec4 v0x564ace2ee480_0, 0;
    %jmp T_1.1;
T_1.0 ;
    %load/vec4 v0x564ace2ee600_0;
    %flag_set/vec4 9;
    %flag_get/vec4 9;
    %jmp/0 T_1.4, 9;
    %load/vec4 v0x564ace2ee480_0;
    %nor/r;
    %and;
T_1.4;
    %flag_set/vec4 8;
    %jmp/0xz  T_1.2, 8;
    %pushi/vec4 1, 0, 1;
    %assign/vec4 v0x564ace2ee480_0, 0;
    %jmp T_1.3;
T_1.2 ;
    %load/vec4 v0x564ace2ee540_0;
    %flag_set/vec4 9;
    %flag_get/vec4 9;
    %jmp/0 T_1.7, 9;
    %load/vec4 v0x564ace2ee480_0;
    %and;
T_1.7;
    %flag_set/vec4 8;
    %jmp/0xz  T_1.5, 8;
    %pushi/vec4 0, 0, 1;
    %assign/vec4 v0x564ace2ee480_0, 0;
T_1.5 ;
T_1.3 ;
T_1.1 ;
    %jmp T_1;
    .thread T_1;
    .scope S_0x564ace2c7dc0;
T_2 ;
    %wait E_0x564ace2ca990;
    %load/vec4 v0x564ace2ee3c0_0;
    %nor/r;
    %flag_set/vec4 8;
    %jmp/0xz  T_2.0, 8;
    %pushi/vec4 0, 0, 14;
    %assign/vec4 v0x564ace2ee6c0_0, 0;
    %pushi/vec4 0, 0, 1;
    %assign/vec4 v0x564ace2ee300_0, 0;
    %pushi/vec4 0, 0, 2;
    %assign/vec4 v0x564ace2ee220_0, 0;
    %pushi/vec4 0, 0, 4;
    %assign/vec4 v0x564ace2b0140_0, 0;
    %jmp T_2.1;
T_2.0 ;
    %load/vec4 v0x564ace2b6b00_0;
    %nor/r;
    %flag_set/vec4 8;
    %jmp/1 T_2.4, 8;
    %load/vec4 v0x564ace2ee480_0;
    %flag_set/vec4 9;
    %flag_or 8, 9;
T_2.4;
    %jmp/0xz  T_2.2, 8;
    %load/vec4 v0x564ace2ee7a0_0;
    %assign/vec4 v0x564ace2ee6c0_0, 0;
    %pushi/vec4 0, 0, 1;
    %assign/vec4 v0x564ace2ee300_0, 0;
    %jmp T_2.3;
T_2.2 ;
    %load/vec4 v0x564ace2ee300_0;
    %flag_set/vec4 8;
    %jmp/0xz  T_2.5, 8;
    %load/vec4 v0x564ace2b98e0_0;
    %flag_set/vec4 8;
    %jmp/0xz  T_2.7, 8;
    %pushi/vec4 0, 0, 1;
    %assign/vec4 v0x564ace2ee300_0, 0;
    %load/vec4 v0x564ace2ee7a0_0;
    %assign/vec4 v0x564ace2ee6c0_0, 0;
    %load/vec4 v0x564ace2b6310_0;
    %flag_set/vec4 8;
    %jmp/0xz  T_2.9, 8;
    %load/vec4 v0x564ace2b0140_0;
    %addi 1, 0, 4;
    %assign/vec4 v0x564ace2b0140_0, 0;
    %jmp T_2.10;
T_2.9 ;
    %pushi/vec4 0, 0, 4;
    %assign/vec4 v0x564ace2b0140_0, 0;
T_2.10 ;
T_2.7 ;
    %jmp T_2.6;
T_2.5 ;
    %load/vec4 v0x564ace2ee6c0_0;
    %pad/u 32;
    %cmpi/e 0, 0, 32;
    %jmp/1 T_2.13, 4;
    %flag_mov 8, 4;
    %load/vec4 v0x564ace2ee6c0_0;
    %cmpi/e 1, 0, 14;
    %flag_or 4, 8;
T_2.13;
    %jmp/0xz  T_2.11, 4;
    %pushi/vec4 1, 0, 1;
    %assign/vec4 v0x564ace2ee300_0, 0;
    %load/vec4 v0x564ace2ee7a0_0;
    %assign/vec4 v0x564ace2ee6c0_0, 0;
    %jmp T_2.12;
T_2.11 ;
    %load/vec4 v0x564ace2ee6c0_0;
    %subi 1, 0, 14;
    %assign/vec4 v0x564ace2ee6c0_0, 0;
T_2.12 ;
T_2.6 ;
T_2.3 ;
T_2.1 ;
    %jmp T_2;
    .thread T_2;
    .scope S_0x564ace2866a0;
T_3 ;
    %pushi/vec4 0, 0, 1;
    %store/vec4 v0x564ace2eec40_0, 0, 1;
    %end;
    .thread T_3;
    .scope S_0x564ace2866a0;
T_4 ;
    %delay 5000, 0;
    %load/vec4 v0x564ace2eec40_0;
    %inv;
    %store/vec4 v0x564ace2eec40_0, 0, 1;
    %jmp T_4;
    .thread T_4;
    .scope S_0x564ace2866a0;
T_5 ;
    %vpi_call/w 3 35 "$dumpfile", "results/phase-core-ctrl/ddr4_refresh_ctrl.vcd" {0 0 0};
    %vpi_call/w 3 36 "$dumpvars", 32'sb00000000000000000000000000000000, S_0x564ace2866a0 {0 0 0};
    %end;
    .thread T_5;
    .scope S_0x564ace2866a0;
T_6 ;
    %pushi/vec4 0, 0, 1;
    %store/vec4 v0x564ace2ef180_0, 0, 1;
    %pushi/vec4 0, 0, 1;
    %store/vec4 v0x564ace2eed10_0, 0, 1;
    %pushi/vec4 20, 0, 14;
    %store/vec4 v0x564ace2eeba0_0, 0, 14;
    %pushi/vec4 0, 0, 2;
    %store/vec4 v0x564ace2eea20_0, 0, 2;
    %pushi/vec4 0, 0, 1;
    %store/vec4 v0x564ace2eeb00_0, 0, 1;
    %pushi/vec4 0, 0, 1;
    %store/vec4 v0x564ace2eedb0_0, 0, 1;
    %pushi/vec4 0, 0, 1;
    %store/vec4 v0x564ace2ef3f0_0, 0, 1;
    %pushi/vec4 0, 0, 1;
    %store/vec4 v0x564ace2ef320_0, 0, 1;
    %pushi/vec4 5, 0, 32;
T_6.0 %dup/vec4;
    %pushi/vec4 0, 0, 32;
    %cmp/s;
    %jmp/1xz T_6.1, 5;
    %jmp/1 T_6.1, 4;
    %pushi/vec4 1, 0, 32;
    %sub;
    %wait E_0x564ace2ca990;
    %jmp T_6.0;
T_6.1 ;
    %pop/vec4 1;
    %pushi/vec4 1, 0, 1;
    %store/vec4 v0x564ace2ef180_0, 0, 1;
    %wait E_0x564ace2ca990;
    %pushi/vec4 1, 0, 1;
    %store/vec4 v0x564ace2eed10_0, 0, 1;
    %vpi_call/w 3 59 "$display", "Test 1: waiting for ref_req" {0 0 0};
    %pushi/vec4 0, 0, 32;
    %store/vec4 v0x564ace2ef4c0_0, 0, 32;
T_6.2 ;
    %load/vec4 v0x564ace2ef020_0;
    %nor/r;
    %flag_set/vec4 8;
    %jmp/0xz T_6.3, 8;
    %wait E_0x564ace2ca990;
    %load/vec4 v0x564ace2ef4c0_0;
    %addi 1, 0, 32;
    %store/vec4 v0x564ace2ef4c0_0, 0, 32;
    %load/vec4 v0x564ace2ef4c0_0;
    %cmpi/s 200, 0, 32;
    %flag_inv 5; GE is !LT
    %jmp/0xz  T_6.4, 5;
    %vpi_call/w 3 65 "$fatal", 32'sb00000000000000000000000000000001, "SIMULATION FAILED: ref_req not asserted within 200 cycles" {0 0 0};
T_6.4 ;
    %jmp T_6.2;
T_6.3 ;
    %vpi_call/w 3 67 "$display", "ref_req asserted after %0d cycles", v0x564ace2ef4c0_0 {0 0 0};
    %pushi/vec4 1, 0, 1;
    %store/vec4 v0x564ace2eedb0_0, 0, 1;
    %wait E_0x564ace2ca990;
    %pushi/vec4 0, 0, 1;
    %store/vec4 v0x564ace2eedb0_0, 0, 1;
    %wait E_0x564ace2ca990;
    %load/vec4 v0x564ace2ef020_0;
    %cmpi/ne 0, 0, 1;
    %jmp/0xz  T_6.6, 6;
    %vpi_call/w 3 75 "$fatal", 32'sb00000000000000000000000000000001, "SIMULATION FAILED: ref_req should deassert after ack" {0 0 0};
T_6.6 ;
    %vpi_call/w 3 76 "$display", "ref_req deasserted after ack" {0 0 0};
    %vpi_call/w 3 79 "$display", "Test 3: self-refresh" {0 0 0};
    %pushi/vec4 1, 0, 1;
    %store/vec4 v0x564ace2ef3f0_0, 0, 1;
    %wait E_0x564ace2ca990;
    %wait E_0x564ace2ca990;
    %load/vec4 v0x564ace2ef250_0;
    %nor/r;
    %flag_set/vec4 8;
    %jmp/0xz  T_6.8, 8;
    %vpi_call/w 3 84 "$fatal", 32'sb00000000000000000000000000000001, "SIMULATION FAILED: sr_active should be high after sr_req" {0 0 0};
T_6.8 ;
    %vpi_call/w 3 85 "$display", "sr_active asserted" {0 0 0};
    %pushi/vec4 30, 0, 32;
T_6.10 %dup/vec4;
    %pushi/vec4 0, 0, 32;
    %cmp/s;
    %jmp/1xz T_6.11, 5;
    %jmp/1 T_6.11, 4;
    %pushi/vec4 1, 0, 32;
    %sub;
    %wait E_0x564ace2ca990;
    %jmp T_6.10;
T_6.11 ;
    %pop/vec4 1;
    %load/vec4 v0x564ace2ef020_0;
    %flag_set/vec4 8;
    %jmp/0xz  T_6.12, 8;
    %vpi_call/w 3 90 "$fatal", 32'sb00000000000000000000000000000001, "SIMULATION FAILED: ref_req should not assert during self-refresh" {0 0 0};
T_6.12 ;
    %vpi_call/w 3 91 "$display", "ref_req suppressed during self-refresh" {0 0 0};
    %pushi/vec4 0, 0, 1;
    %store/vec4 v0x564ace2ef3f0_0, 0, 1;
    %pushi/vec4 1, 0, 1;
    %store/vec4 v0x564ace2ef320_0, 0, 1;
    %wait E_0x564ace2ca990;
    %pushi/vec4 0, 0, 1;
    %store/vec4 v0x564ace2ef320_0, 0, 1;
    %wait E_0x564ace2ca990;
    %load/vec4 v0x564ace2ef250_0;
    %flag_set/vec4 8;
    %jmp/0xz  T_6.14, 8;
    %vpi_call/w 3 100 "$fatal", 32'sb00000000000000000000000000000001, "SIMULATION FAILED: sr_active should deassert after exit_req" {0 0 0};
T_6.14 ;
    %vpi_call/w 3 101 "$display", "sr_active deasserted" {0 0 0};
    %vpi_call/w 3 103 "$display", "SIMULATION PASSED" {0 0 0};
    %vpi_call/w 3 104 "$finish" {0 0 0};
    %end;
    .thread T_6;
# The file index is used to find the file name in the following table.
:file_names 5;
    "N/A";
    "<interactive>";
    "-";
    "tb/ddr4_refresh_ctrl_tb.v";
    "rtl/ddr4_refresh_ctrl.v";
